Compilation failed:
    source file: '/Users/chushoutv/Desktop/opencv-3.3.1/cmake/checks/cxx11.cpp'
    check option: ''
===== BUILD LOG =====
Change Dir: /Users/chushoutv/Desktop/opencv-3.3.1/bulid/CMakeFiles/CMakeTmp

Run Build Command:"/usr/bin/xcodebuild" "-project" "CMAKE_TRY_COMPILE.xcodeproj" "build" "-target" "cmTC_e4ee0" "-configuration" "Debug"
2017-11-01 13:49:15.564 xcodebuild[1874:189276] [MT] PluginLoading: Required plug-in compatibility UUID DF11C142-1584-4A99-87AC-1925D5F5652A for plug-in at path '~/Library/Application Support/Developer/Shared/Xcode/Plug-ins/VVDocumenter-Xcode.xcplugin' not present in DVTPlugInCompatibilityUUIDs
2017-11-01 13:49:15.564 xcodebuild[1874:189276] [MT] PluginLoading: Required plug-in compatibility UUID DF11C142-1584-4A99-87AC-1925D5F5652A for plug-in at path '~/Library/Application Support/Developer/Shared/Xcode/Plug-ins/Unity4XC.xcplugin' not present in DVTPlugInCompatibilityUUIDs
2017-11-01 13:49:15.564 xcodebuild[1874:189276] Failed to load plugin at: /Users/chushoutv/Library/Application Support/Developer/Shared/Xcode/Plug-ins/Unity4XC.xcplugin, skipping.  Reason for failure: *** -[__NSPlaceholderDictionary initWithObjects:forKeys:count:]: attempt to insert nil object from objects[0]
2017-11-01 13:49:15.564 xcodebuild[1874:189276] [MT] PluginLoading: Required plug-in compatibility UUID DF11C142-1584-4A99-87AC-1925D5F5652A for plug-in at path '~/Library/Application Support/Developer/Shared/Xcode/Plug-ins/FuzzyAutocomplete.xcplugin' not present in DVTPlugInCompatibilityUUIDs
2017-11-01 13:49:15.565 xcodebuild[1874:189276] [MT] PluginLoading: Required plug-in compatibility UUID DF11C142-1584-4A99-87AC-1925D5F5652A for plug-in at path '~/Library/Application Support/Developer/Shared/Xcode/Plug-ins/CocoaPods.xcplugin' not present in DVTPlugInCompatibilityUUIDs
=== BUILD TARGET cmTC_e4ee0 OF PROJECT CMAKE_TRY_COMPILE WITH CONFIGURATION Debug ===

Check dependencies

Write auxiliary files
/bin/mkdir -p /Users/chushoutv/Desktop/opencv-3.3.1/bulid/CMakeFiles/CMakeTmp/CMAKE_TRY_COMPILE.build/Debug/cmTC_e4ee0.build/Objects-normal/x86_64
write-file /Users/chushoutv/Desktop/opencv-3.3.1/bulid/CMakeFiles/CMakeTmp/CMAKE_TRY_COMPILE.build/Debug/cmTC_e4ee0.build/Objects-normal/x86_64/cmTC_e4ee0.LinkFileList

CompileC CMAKE_TRY_COMPILE.build/Debug/cmTC_e4ee0.build/Objects-normal/x86_64/cxx11.o /Users/chushoutv/Desktop/opencv-3.3.1/cmake/checks/cxx11.cpp normal x86_64 c++ com.apple.compilers.llvm.clang.1_0.compiler
    cd /Users/chushoutv/Desktop/opencv-3.3.1/bulid/CMakeFiles/CMakeTmp
    export LANG=en_US.US-ASCII
    /Applications/Xcode.app/Contents/Developer/Toolchains/XcodeDefault.xctoolchain/usr/bin/clang -x c++ -arch x86_64 -fmessage-length=0 -fdiagnostics-show-note-include-stack -fmacro-backtrace-limit=0 -Wno-trigraphs -fpascal-strings -O0 -Wno-missing-field-initializers -Wno-missing-prototypes -Wno-return-type -Wno-non-virtual-dtor -Wno-overloaded-virtual -Wno-exit-time-destructors -Wno-missing-braces -Wparentheses -Wswitch -Wno-unused-function -Wno-unused-label -Wno-unused-parameter -Wno-unused-variable -Wunused-value -Wno-empty-body -Wno-uninitialized -Wno-unknown-pragmas -Wno-shadow -Wno-four-char-constants -Wno-conversion -Wno-constant-conversion -Wno-int-conversion -Wno-bool-conversion -Wno-enum-conversion -Wno-float-conversion -Wno-non-literal-null-conversion -Wno-objc-literal-conversion -Wno-shorten-64-to-32 -Wno-newline-eof -Wno-c++11-extensions -DCMAKE_INTDIR=\"Debug\" -isysroot /Applications/Xcode.app/Contents/Developer/Platforms/MacOSX.platform/Developer/SDKs/MacOSX10.13.sdk -fasm-blocks -fstrict-aliasing -Wdeprecated-declarations -Winvalid-offsetof -mmacosx-version-min=10.12 -g -Wno-sign-conversion -Wno-infinite-recursion -Wno-move -Wno-comma -Wno-block-capture-autoreleasing -Wno-strict-prototypes -Wno-range-loop-analysis -I/Users/chushoutv/Desktop/opencv-3.3.1/bulid/CMakeFiles/CMakeTmp/Debug/include -I/Users/chushoutv/Desktop/opencv-3.3.1/bulid/CMakeFiles/CMakeTmp/CMAKE_TRY_COMPILE.build/Debug/cmTC_e4ee0.build/DerivedSources/x86_64 -I/Users/chushoutv/Desktop/opencv-3.3.1/bulid/CMakeFiles/CMakeTmp/CMAKE_TRY_COMPILE.build/Debug/cmTC_e4ee0.build/DerivedSources -Wmost -Wno-four-char-constants -Wno-unknown-pragmas -F/Users/chushoutv/Desktop/opencv-3.3.1/bulid/CMakeFiles/CMakeTmp/Debug -MMD -MT dependencies -MF /Users/chushoutv/Desktop/opencv-3.3.1/bulid/CMakeFiles/CMakeTmp/CMAKE_TRY_COMPILE.build/Debug/cmTC_e4ee0.build/Objects-normal/x86_64/cxx11.d --serialize-diagnostics /Users/chushoutv/Desktop/opencv-3.3.1/bulid/CMakeFiles/CMakeTmp/CMAKE_TRY_COMPILE.build/Debug/cmTC_e4ee0.build/Objects-normal/x86_64/cxx11.dia -c /Users/chushoutv/Desktop/opencv-3.3.1/cmake/checks/cxx11.cpp -o /Users/chushoutv/Desktop/opencv-3.3.1/bulid/CMakeFiles/CMakeTmp/CMAKE_TRY_COMPILE.build/Debug/cmTC_e4ee0.build/Objects-normal/x86_64/cxx11.o
/Users/chushoutv/Desktop/opencv-3.3.1/cmake/checks/cxx11.cpp:4:2: error: "C++11 is not supported"
#error "C++11 is not supported"
 ^
1 error generated.

** BUILD FAILED **


The following build commands failed:
	CompileC CMAKE_TRY_COMPILE.build/Debug/cmTC_e4ee0.build/Objects-normal/x86_64/cxx11.o /Users/chushoutv/Desktop/opencv-3.3.1/cmake/checks/cxx11.cpp normal x86_64 c++ com.apple.compilers.llvm.clang.1_0.compiler
(1 failure)

===== END =====

Determining if the include file malloc.h exists failed with the following output:
Change Dir: /Users/chushoutv/Desktop/opencv-3.3.1/bulid/CMakeFiles/CMakeTmp

Run Build Command:"/usr/bin/xcodebuild" "-project" "CMAKE_TRY_COMPILE.xcodeproj" "build" "-target" "cmTC_c1d0f" "-configuration" "Debug"
2017-11-01 13:50:41.472 xcodebuild[3170:194518] [MT] PluginLoading: Required plug-in compatibility UUID DF11C142-1584-4A99-87AC-1925D5F5652A for plug-in at path '~/Library/Application Support/Developer/Shared/Xcode/Plug-ins/VVDocumenter-Xcode.xcplugin' not present in DVTPlugInCompatibilityUUIDs
2017-11-01 13:50:41.472 xcodebuild[3170:194518] [MT] PluginLoading: Required plug-in compatibility UUID DF11C142-1584-4A99-87AC-1925D5F5652A for plug-in at path '~/Library/Application Support/Developer/Shared/Xcode/Plug-ins/Unity4XC.xcplugin' not present in DVTPlugInCompatibilityUUIDs
2017-11-01 13:50:41.473 xcodebuild[3170:194518] Failed to load plugin at: /Users/chushoutv/Library/Application Support/Developer/Shared/Xcode/Plug-ins/Unity4XC.xcplugin, skipping.  Reason for failure: *** -[__NSPlaceholderDictionary initWithObjects:forKeys:count:]: attempt to insert nil object from objects[0]
2017-11-01 13:50:41.473 xcodebuild[3170:194518] [MT] PluginLoading: Required plug-in compatibility UUID DF11C142-1584-4A99-87AC-1925D5F5652A for plug-in at path '~/Library/Application Support/Developer/Shared/Xcode/Plug-ins/FuzzyAutocomplete.xcplugin' not present in DVTPlugInCompatibilityUUIDs
2017-11-01 13:50:41.473 xcodebuild[3170:194518] [MT] PluginLoading: Required plug-in compatibility UUID DF11C142-1584-4A99-87AC-1925D5F5652A for plug-in at path '~/Library/Application Support/Developer/Shared/Xcode/Plug-ins/CocoaPods.xcplugin' not present in DVTPlugInCompatibilityUUIDs
=== BUILD TARGET cmTC_c1d0f OF PROJECT CMAKE_TRY_COMPILE WITH CONFIGURATION Debug ===

Check dependencies

Write auxiliary files
/bin/mkdir -p /Users/chushoutv/Desktop/opencv-3.3.1/bulid/CMakeFiles/CMakeTmp/CMAKE_TRY_COMPILE.build/Debug/cmTC_c1d0f.build/Objects-normal/x86_64
write-file /Users/chushoutv/Desktop/opencv-3.3.1/bulid/CMakeFiles/CMakeTmp/CMAKE_TRY_COMPILE.build/Debug/cmTC_c1d0f.build/Objects-normal/x86_64/cmTC_c1d0f.LinkFileList

CompileC CMAKE_TRY_COMPILE.build/Debug/cmTC_c1d0f.build/Objects-normal/x86_64/CheckIncludeFile.o CheckIncludeFile.c normal x86_64 c com.apple.compilers.llvm.clang.1_0.compiler
    cd /Users/chushoutv/Desktop/opencv-3.3.1/bulid/CMakeFiles/CMakeTmp
    export LANG=en_US.US-ASCII
    /Applications/Xcode.app/Contents/Developer/Toolchains/XcodeDefault.xctoolchain/usr/bin/clang -x c -arch x86_64 -fmessage-length=0 -fdiagnostics-show-note-include-stack -fmacro-backtrace-limit=0 -Wno-trigraphs -fpascal-strings -O0 -Wno-missing-field-initializers -Wno-missing-prototypes -Wno-return-type -Wno-missing-braces -Wparentheses -Wswitch -Wno-unused-function -Wno-unused-label -Wno-unused-parameter -Wno-unused-variable -Wunused-value -Wno-empty-body -Wno-uninitialized -Wno-unknown-pragmas -Wno-shadow -Wno-four-char-constants -Wno-conversion -Wno-constant-conversion -Wno-int-conversion -Wno-bool-conversion -Wno-enum-conversion -Wno-float-conversion -Wno-non-literal-null-conversion -Wno-objc-literal-conversion -Wno-shorten-64-to-32 -Wpointer-sign -Wno-newline-eof -DCMAKE_INTDIR=\"Debug\" -isysroot /Applications/Xcode.app/Contents/Developer/Platforms/MacOSX.platform/Developer/SDKs/MacOSX10.13.sdk -fasm-blocks -fstrict-aliasing -Wdeprecated-declarations -mmacosx-version-min=10.12 -g -Wno-sign-conversion -Wno-infinite-recursion -Wno-comma -Wno-block-capture-autoreleasing -Wno-strict-prototypes -I/Users/chushoutv/Desktop/opencv-3.3.1/bulid/CMakeFiles/CMakeTmp/Debug/include -I/Users/chushoutv/Desktop/opencv-3.3.1/bulid/CMakeFiles/CMakeTmp/CMAKE_TRY_COMPILE.build/Debug/cmTC_c1d0f.build/DerivedSources/x86_64 -I/Users/chushoutv/Desktop/opencv-3.3.1/bulid/CMakeFiles/CMakeTmp/CMAKE_TRY_COMPILE.build/Debug/cmTC_c1d0f.build/DerivedSources -Wmost -Wno-four-char-constants -Wno-unknown-pragmas -F/Users/chushoutv/Desktop/opencv-3.3.1/bulid/CMakeFiles/CMakeTmp/Debug -fsigned-char -W -Wall -Werror=return-type -Werror=non-virtual-dtor -Werror=address -Werror=sequence-point -Wformat -Werror=format-security -Wmissing-declarations -Wmissing-prototypes -Wstrict-prototypes -Wundef -Winit-self -Wpointer-arith -Wshadow -Wsign-promo -Wuninitialized -Winit-self -Wno-narrowing -Wno-delete-non-virtual-dtor -Wno-unnamed-type-template-args -Wno-comment -Wno-implicit-fallthrough -fdiagnostics-show-option -Wno-long-long -Qunused-arguments -Wno-semicolon-before-method-body -fno-omit-frame-pointer -ffunction-sections -msse -msse2 -msse3 -fvisibility=hidden -fvisibility-inlines-hidden -MMD -MT dependencies -MF /Users/chushoutv/Desktop/opencv-3.3.1/bulid/CMakeFiles/CMakeTmp/CMAKE_TRY_COMPILE.build/Debug/cmTC_c1d0f.build/Objects-normal/x86_64/CheckIncludeFile.d --serialize-diagnostics /Users/chushoutv/Desktop/opencv-3.3.1/bulid/CMakeFiles/CMakeTmp/CMAKE_TRY_COMPILE.build/Debug/cmTC_c1d0f.build/Objects-normal/x86_64/CheckIncludeFile.dia -c /Users/chushoutv/Desktop/opencv-3.3.1/bulid/CMakeFiles/CMakeTmp/CheckIncludeFile.c -o /Users/chushoutv/Desktop/opencv-3.3.1/bulid/CMakeFiles/CMakeTmp/CMAKE_TRY_COMPILE.build/Debug/cmTC_c1d0f.build/Objects-normal/x86_64/CheckIncludeFile.o
/Users/chushoutv/Desktop/opencv-3.3.1/bulid/CMakeFiles/CMakeTmp/CheckIncludeFile.c:1:10: fatal error: 'malloc.h' file not found
#include <malloc.h>
         ^~~~~~~~~~
1 error generated.

** BUILD FAILED **


The following build commands failed:
	CompileC CMAKE_TRY_COMPILE.build/Debug/cmTC_c1d0f.build/Objects-normal/x86_64/CheckIncludeFile.o CheckIncludeFile.c normal x86_64 c com.apple.compilers.llvm.clang.1_0.compiler
(1 failure)


Determining size of off64_t failed with the following output:
Change Dir: /Users/chushoutv/Desktop/opencv-3.3.1/bulid/CMakeFiles/CMakeTmp

Run Build Command:"/usr/bin/xcodebuild" "-project" "CMAKE_TRY_COMPILE.xcodeproj" "build" "-target" "cmTC_e9069" "-configuration" "Debug"
2017-11-01 13:50:49.732 xcodebuild[3289:195020] [MT] PluginLoading: Required plug-in compatibility UUID DF11C142-1584-4A99-87AC-1925D5F5652A for plug-in at path '~/Library/Application Support/Developer/Shared/Xcode/Plug-ins/VVDocumenter-Xcode.xcplugin' not present in DVTPlugInCompatibilityUUIDs
2017-11-01 13:50:49.732 xcodebuild[3289:195020] [MT] PluginLoading: Required plug-in compatibility UUID DF11C142-1584-4A99-87AC-1925D5F5652A for plug-in at path '~/Library/Application Support/Developer/Shared/Xcode/Plug-ins/Unity4XC.xcplugin' not present in DVTPlugInCompatibilityUUIDs
2017-11-01 13:50:49.732 xcodebuild[3289:195020] Failed to load plugin at: /Users/chushoutv/Library/Application Support/Developer/Shared/Xcode/Plug-ins/Unity4XC.xcplugin, skipping.  Reason for failure: *** -[__NSPlaceholderDictionary initWithObjects:forKeys:count:]: attempt to insert nil object from objects[0]
2017-11-01 13:50:49.732 xcodebuild[3289:195020] [MT] PluginLoading: Required plug-in compatibility UUID DF11C142-1584-4A99-87AC-1925D5F5652A for plug-in at path '~/Library/Application Support/Developer/Shared/Xcode/Plug-ins/FuzzyAutocomplete.xcplugin' not present in DVTPlugInCompatibilityUUIDs
2017-11-01 13:50:49.733 xcodebuild[3289:195020] [MT] PluginLoading: Required plug-in compatibility UUID DF11C142-1584-4A99-87AC-1925D5F5652A for plug-in at path '~/Library/Application Support/Developer/Shared/Xcode/Plug-ins/CocoaPods.xcplugin' not present in DVTPlugInCompatibilityUUIDs
=== BUILD TARGET cmTC_e9069 OF PROJECT CMAKE_TRY_COMPILE WITH CONFIGURATION Debug ===

Check dependencies

Write auxiliary files
/bin/mkdir -p /Users/chushoutv/Desktop/opencv-3.3.1/bulid/CMakeFiles/CMakeTmp/CMAKE_TRY_COMPILE.build/Debug/cmTC_e9069.build/Objects-normal/x86_64
write-file /Users/chushoutv/Desktop/opencv-3.3.1/bulid/CMakeFiles/CMakeTmp/CMAKE_TRY_COMPILE.build/Debug/cmTC_e9069.build/Objects-normal/x86_64/cmTC_e9069.LinkFileList

CompileC CMAKE_TRY_COMPILE.build/Debug/cmTC_e9069.build/Objects-normal/x86_64/OFF64_T.o /Users/chushoutv/Desktop/opencv-3.3.1/bulid/CMakeFiles/CheckTypeSize/OFF64_T.c normal x86_64 c com.apple.compilers.llvm.clang.1_0.compiler
    cd /Users/chushoutv/Desktop/opencv-3.3.1/bulid/CMakeFiles/CMakeTmp
    export LANG=en_US.US-ASCII
    /Applications/Xcode.app/Contents/Developer/Toolchains/XcodeDefault.xctoolchain/usr/bin/clang -x c -arch x86_64 -fmessage-length=0 -fdiagnostics-show-note-include-stack -fmacro-backtrace-limit=0 -Wno-trigraphs -fpascal-strings -O0 -Wno-missing-field-initializers -Wno-missing-prototypes -Wno-return-type -Wno-missing-braces -Wparentheses -Wswitch -Wno-unused-function -Wno-unused-label -Wno-unused-parameter -Wno-unused-variable -Wunused-value -Wno-empty-body -Wno-uninitialized -Wno-unknown-pragmas -Wno-shadow -Wno-four-char-constants -Wno-conversion -Wno-constant-conversion -Wno-int-conversion -Wno-bool-conversion -Wno-enum-conversion -Wno-float-conversion -Wno-non-literal-null-conversion -Wno-objc-literal-conversion -Wno-shorten-64-to-32 -Wpointer-sign -Wno-newline-eof -DCMAKE_INTDIR=\"Debug\" -isysroot /Applications/Xcode.app/Contents/Developer/Platforms/MacOSX.platform/Developer/SDKs/MacOSX10.13.sdk -fasm-blocks -fstrict-aliasing -Wdeprecated-declarations -mmacosx-version-min=10.12 -g -Wno-sign-conversion -Wno-infinite-recursion -Wno-comma -Wno-block-capture-autoreleasing -Wno-strict-prototypes -I/Users/chushoutv/Desktop/opencv-3.3.1/bulid/CMakeFiles/CMakeTmp/Debug/include -I/Users/chushoutv/Desktop/opencv-3.3.1/bulid/CMakeFiles/CMakeTmp/CMAKE_TRY_COMPILE.build/Debug/cmTC_e9069.build/DerivedSources/x86_64 -I/Users/chushoutv/Desktop/opencv-3.3.1/bulid/CMakeFiles/CMakeTmp/CMAKE_TRY_COMPILE.build/Debug/cmTC_e9069.build/DerivedSources -Wmost -Wno-four-char-constants -Wno-unknown-pragmas -F/Users/chushoutv/Desktop/opencv-3.3.1/bulid/CMakeFiles/CMakeTmp/Debug -fsigned-char -W -Wall -Werror=return-type -Werror=non-virtual-dtor -Werror=address -Werror=sequence-point -Wformat -Werror=format-security -Wmissing-declarations -Wmissing-prototypes -Wstrict-prototypes -Wundef -Winit-self -Wpointer-arith -Wshadow -Wsign-promo -Wuninitialized -Winit-self -Wno-narrowing -Wno-delete-non-virtual-dtor -Wno-unnamed-type-template-args -Wno-comment -Wno-implicit-fallthrough -fdiagnostics-show-option -Wno-long-long -Qunused-arguments -Wno-semicolon-before-method-body -fno-omit-frame-pointer -ffunction-sections -msse -msse2 -msse3 -fvisibility=hidden -fvisibility-inlines-hidden -MMD -MT dependencies -MF /Users/chushoutv/Desktop/opencv-3.3.1/bulid/CMakeFiles/CMakeTmp/CMAKE_TRY_COMPILE.build/Debug/cmTC_e9069.build/Objects-normal/x86_64/OFF64_T.d --serialize-diagnostics /Users/chushoutv/Desktop/opencv-3.3.1/bulid/CMakeFiles/CMakeTmp/CMAKE_TRY_COMPILE.build/Debug/cmTC_e9069.build/Objects-normal/x86_64/OFF64_T.dia -c /Users/chushoutv/Desktop/opencv-3.3.1/bulid/CMakeFiles/CheckTypeSize/OFF64_T.c -o /Users/chushoutv/Desktop/opencv-3.3.1/bulid/CMakeFiles/CMakeTmp/CMAKE_TRY_COMPILE.build/Debug/cmTC_e9069.build/Objects-normal/x86_64/OFF64_T.o
/Users/chushoutv/Desktop/opencv-3.3.1/bulid/CMakeFiles/CheckTypeSize/OFF64_T.c:19:12: error: use of undeclared identifier 'off64_t'
  ('0' + ((SIZE / 10000)%10)),
           ^
/Users/chushoutv/Desktop/opencv-3.3.1/bulid/CMakeFiles/CheckTypeSize/OFF64_T.c:17:22: note: expanded from macro 'SIZE'
#define SIZE (sizeof(off64_t))
                     ^
/Users/chushoutv/Desktop/opencv-3.3.1/bulid/CMakeFiles/CheckTypeSize/OFF64_T.c:20:12: error: use of undeclared identifier 'off64_t'
  ('0' + ((SIZE / 1000)%10)),
           ^
/Users/chushoutv/Desktop/opencv-3.3.1/bulid/CMakeFiles/CheckTypeSize/OFF64_T.c:17:22: note: expanded from macro 'SIZE'
#define SIZE (sizeof(off64_t))
                     ^
/Users/chushoutv/Desktop/opencv-3.3.1/bulid/CMakeFiles/CheckTypeSize/OFF64_T.c:21:12: error: use of undeclared identifier 'off64_t'
  ('0' + ((SIZE / 100)%10)),
           ^
/Users/chushoutv/Desktop/opencv-3.3.1/bulid/CMakeFiles/CheckTypeSize/OFF64_T.c:17:22: note: expanded from macro 'SIZE'
#define SIZE (sizeof(off64_t))
                     ^
/Users/chushoutv/Desktop/opencv-3.3.1/bulid/CMakeFiles/CheckTypeSize/OFF64_T.c:22:12: error: use of undeclared identifier 'off64_t'
  ('0' + ((SIZE / 10)%10)),
           ^
/Users/chushoutv/Desktop/opencv-3.3.1/bulid/CMakeFiles/CheckTypeSize/OFF64_T.c:17:22: note: expanded from macro 'SIZE'
#define SIZE (sizeof(off64_t))
                     ^
/Users/chushoutv/Desktop/opencv-3.3.1/bulid/CMakeFiles/CheckTypeSize/OFF64_T.c:23:12: error: use of undeclared identifier 'off64_t'
  ('0' +  (SIZE    % 10)),
           ^
/Users/chushoutv/Desktop/opencv-3.3.1/bulid/CMakeFiles/CheckTypeSize/OFF64_T.c:17:22: note: expanded from macro 'SIZE'
#define SIZE (sizeof(off64_t))
                     ^
5 errors generated.

** BUILD FAILED **


The following build commands failed:
	CompileC CMAKE_TRY_COMPILE.build/Debug/cmTC_e9069.build/Objects-normal/x86_64/OFF64_T.o /Users/chushoutv/Desktop/opencv-3.3.1/bulid/CMakeFiles/CheckTypeSize/OFF64_T.c normal x86_64 c com.apple.compilers.llvm.clang.1_0.compiler
(1 failure)

/Users/chushoutv/Desktop/opencv-3.3.1/bulid/CMakeFiles/CheckTypeSize/OFF64_T.c:
#include <sys/types.h>
#include <stdint.h>
#include <stddef.h>


#undef KEY
#if defined(__i386)
# define KEY '_','_','i','3','8','6'
#elif defined(__x86_64)
# define KEY '_','_','x','8','6','_','6','4'
#elif defined(__ppc__)
# define KEY '_','_','p','p','c','_','_'
#elif defined(__ppc64__)
# define KEY '_','_','p','p','c','6','4','_','_'
#endif

#define SIZE (sizeof(off64_t))
char info_size[] =  {'I', 'N', 'F', 'O', ':', 's','i','z','e','[',
  ('0' + ((SIZE / 10000)%10)),
  ('0' + ((SIZE / 1000)%10)),
  ('0' + ((SIZE / 100)%10)),
  ('0' + ((SIZE / 10)%10)),
  ('0' +  (SIZE    % 10)),
  ']',
#ifdef KEY
  ' ','k','e','y','[', KEY, ']',
#endif
  '\0'};

#ifdef __CLASSIC_C__
int main(argc, argv) int argc; char *argv[];
#else
int main(int argc, char *argv[])
#endif
{
  int require = 0;
  require += info_size[argc];
  (void)argv;
  return require;
}


Determining if the include file io.h exists failed with the following output:
Change Dir: /Users/chushoutv/Desktop/opencv-3.3.1/bulid/CMakeFiles/CMakeTmp

Run Build Command:"/usr/bin/xcodebuild" "-project" "CMAKE_TRY_COMPILE.xcodeproj" "build" "-target" "cmTC_93b64" "-configuration" "Debug"
2017-11-01 13:50:59.443 xcodebuild[3429:195631] [MT] PluginLoading: Required plug-in compatibility UUID DF11C142-1584-4A99-87AC-1925D5F5652A for plug-in at path '~/Library/Application Support/Developer/Shared/Xcode/Plug-ins/VVDocumenter-Xcode.xcplugin' not present in DVTPlugInCompatibilityUUIDs
2017-11-01 13:50:59.444 xcodebuild[3429:195631] [MT] PluginLoading: Required plug-in compatibility UUID DF11C142-1584-4A99-87AC-1925D5F5652A for plug-in at path '~/Library/Application Support/Developer/Shared/Xcode/Plug-ins/Unity4XC.xcplugin' not present in DVTPlugInCompatibilityUUIDs
2017-11-01 13:50:59.444 xcodebuild[3429:195631] Failed to load plugin at: /Users/chushoutv/Library/Application Support/Developer/Shared/Xcode/Plug-ins/Unity4XC.xcplugin, skipping.  Reason for failure: *** -[__NSPlaceholderDictionary initWithObjects:forKeys:count:]: attempt to insert nil object from objects[0]
2017-11-01 13:50:59.444 xcodebuild[3429:195631] [MT] PluginLoading: Required plug-in compatibility UUID DF11C142-1584-4A99-87AC-1925D5F5652A for plug-in at path '~/Library/Application Support/Developer/Shared/Xcode/Plug-ins/FuzzyAutocomplete.xcplugin' not present in DVTPlugInCompatibilityUUIDs
2017-11-01 13:50:59.444 xcodebuild[3429:195631] [MT] PluginLoading: Required plug-in compatibility UUID DF11C142-1584-4A99-87AC-1925D5F5652A for plug-in at path '~/Library/Application Support/Developer/Shared/Xcode/Plug-ins/CocoaPods.xcplugin' not present in DVTPlugInCompatibilityUUIDs
=== BUILD TARGET cmTC_93b64 OF PROJECT CMAKE_TRY_COMPILE WITH CONFIGURATION Debug ===

Check dependencies

Write auxiliary files
/bin/mkdir -p /Users/chushoutv/Desktop/opencv-3.3.1/bulid/CMakeFiles/CMakeTmp/CMAKE_TRY_COMPILE.build/Debug/cmTC_93b64.build/Objects-normal/x86_64
write-file /Users/chushoutv/Desktop/opencv-3.3.1/bulid/CMakeFiles/CMakeTmp/CMAKE_TRY_COMPILE.build/Debug/cmTC_93b64.build/Objects-normal/x86_64/cmTC_93b64.LinkFileList

CompileC CMAKE_TRY_COMPILE.build/Debug/cmTC_93b64.build/Objects-normal/x86_64/CheckIncludeFile.o CheckIncludeFile.c normal x86_64 c com.apple.compilers.llvm.clang.1_0.compiler
    cd /Users/chushoutv/Desktop/opencv-3.3.1/bulid/CMakeFiles/CMakeTmp
    export LANG=en_US.US-ASCII
    /Applications/Xcode.app/Contents/Developer/Toolchains/XcodeDefault.xctoolchain/usr/bin/clang -x c -arch x86_64 -fmessage-length=0 -fdiagnostics-show-note-include-stack -fmacro-backtrace-limit=0 -Wno-trigraphs -fpascal-strings -O0 -Wno-missing-field-initializers -Wno-missing-prototypes -Wno-return-type -Wno-missing-braces -Wparentheses -Wswitch -Wno-unused-function -Wno-unused-label -Wno-unused-parameter -Wno-unused-variable -Wunused-value -Wno-empty-body -Wno-uninitialized -Wno-unknown-pragmas -Wno-shadow -Wno-four-char-constants -Wno-conversion -Wno-constant-conversion -Wno-int-conversion -Wno-bool-conversion -Wno-enum-conversion -Wno-float-conversion -Wno-non-literal-null-conversion -Wno-objc-literal-conversion -Wno-shorten-64-to-32 -Wpointer-sign -Wno-newline-eof -DCMAKE_INTDIR=\"Debug\" -isysroot /Applications/Xcode.app/Contents/Developer/Platforms/MacOSX.platform/Developer/SDKs/MacOSX10.13.sdk -fasm-blocks -fstrict-aliasing -Wdeprecated-declarations -mmacosx-version-min=10.12 -g -Wno-sign-conversion -Wno-infinite-recursion -Wno-comma -Wno-block-capture-autoreleasing -Wno-strict-prototypes -I/Users/chushoutv/Desktop/opencv-3.3.1/bulid/CMakeFiles/CMakeTmp/Debug/include -I/Users/chushoutv/Desktop/opencv-3.3.1/bulid/CMakeFiles/CMakeTmp/CMAKE_TRY_COMPILE.build/Debug/cmTC_93b64.build/DerivedSources/x86_64 -I/Users/chushoutv/Desktop/opencv-3.3.1/bulid/CMakeFiles/CMakeTmp/CMAKE_TRY_COMPILE.build/Debug/cmTC_93b64.build/DerivedSources -Wmost -Wno-four-char-constants -Wno-unknown-pragmas -F/Users/chushoutv/Desktop/opencv-3.3.1/bulid/CMakeFiles/CMakeTmp/Debug -fsigned-char -W -Wall -Werror=return-type -Werror=non-virtual-dtor -Werror=address -Werror=sequence-point -Wformat -Werror=format-security -Wmissing-declarations -Wmissing-prototypes -Wstrict-prototypes -Wundef -Winit-self -Wpointer-arith -Wshadow -Wsign-promo -Wuninitialized -Winit-self -Wno-narrowing -Wno-delete-non-virtual-dtor -Wno-unnamed-type-template-args -Wno-comment -Wno-implicit-fallthrough -fdiagnostics-show-option -Wno-long-long -Qunused-arguments -Wno-semicolon-before-method-body -fno-omit-frame-pointer -ffunction-sections -msse -msse2 -msse3 -fvisibility=hidden -fvisibility-inlines-hidden -MMD -MT dependencies -MF /Users/chushoutv/Desktop/opencv-3.3.1/bulid/CMakeFiles/CMakeTmp/CMAKE_TRY_COMPILE.build/Debug/cmTC_93b64.build/Objects-normal/x86_64/CheckIncludeFile.d --serialize-diagnostics /Users/chushoutv/Desktop/opencv-3.3.1/bulid/CMakeFiles/CMakeTmp/CMAKE_TRY_COMPILE.build/Debug/cmTC_93b64.build/Objects-normal/x86_64/CheckIncludeFile.dia -c /Users/chushoutv/Desktop/opencv-3.3.1/bulid/CMakeFiles/CMakeTmp/CheckIncludeFile.c -o /Users/chushoutv/Desktop/opencv-3.3.1/bulid/CMakeFiles/CMakeTmp/CMAKE_TRY_COMPILE.build/Debug/cmTC_93b64.build/Objects-normal/x86_64/CheckIncludeFile.o
/Users/chushoutv/Desktop/opencv-3.3.1/bulid/CMakeFiles/CMakeTmp/CheckIncludeFile.c:1:10: fatal error: 'io.h' file not found
#include <io.h>
         ^~~~~~
1 error generated.

** BUILD FAILED **


The following build commands failed:
	CompileC CMAKE_TRY_COMPILE.build/Debug/cmTC_93b64.build/Objects-normal/x86_64/CheckIncludeFile.o CheckIncludeFile.c normal x86_64 c com.apple.compilers.llvm.clang.1_0.compiler
(1 failure)


Determining if the function jbg_newlen exists failed with the following output:
Change Dir: /Users/chushoutv/Desktop/opencv-3.3.1/bulid/CMakeFiles/CMakeTmp

Run Build Command:"/usr/bin/xcodebuild" "-project" "CMAKE_TRY_COMPILE.xcodeproj" "build" "-target" "cmTC_61830" "-configuration" "Debug"
2017-11-01 13:51:00.476 xcodebuild[3443:195685] [MT] PluginLoading: Required plug-in compatibility UUID DF11C142-1584-4A99-87AC-1925D5F5652A for plug-in at path '~/Library/Application Support/Developer/Shared/Xcode/Plug-ins/VVDocumenter-Xcode.xcplugin' not present in DVTPlugInCompatibilityUUIDs
2017-11-01 13:51:00.476 xcodebuild[3443:195685] [MT] PluginLoading: Required plug-in compatibility UUID DF11C142-1584-4A99-87AC-1925D5F5652A for plug-in at path '~/Library/Application Support/Developer/Shared/Xcode/Plug-ins/Unity4XC.xcplugin' not present in DVTPlugInCompatibilityUUIDs
2017-11-01 13:51:00.477 xcodebuild[3443:195685] Failed to load plugin at: /Users/chushoutv/Library/Application Support/Developer/Shared/Xcode/Plug-ins/Unity4XC.xcplugin, skipping.  Reason for failure: *** -[__NSPlaceholderDictionary initWithObjects:forKeys:count:]: attempt to insert nil object from objects[0]
2017-11-01 13:51:00.477 xcodebuild[3443:195685] [MT] PluginLoading: Required plug-in compatibility UUID DF11C142-1584-4A99-87AC-1925D5F5652A for plug-in at path '~/Library/Application Support/Developer/Shared/Xcode/Plug-ins/FuzzyAutocomplete.xcplugin' not present in DVTPlugInCompatibilityUUIDs
2017-11-01 13:51:00.477 xcodebuild[3443:195685] [MT] PluginLoading: Required plug-in compatibility UUID DF11C142-1584-4A99-87AC-1925D5F5652A for plug-in at path '~/Library/Application Support/Developer/Shared/Xcode/Plug-ins/CocoaPods.xcplugin' not present in DVTPlugInCompatibilityUUIDs
=== BUILD TARGET cmTC_61830 OF PROJECT CMAKE_TRY_COMPILE WITH CONFIGURATION Debug ===

Check dependencies

Write auxiliary files
/bin/mkdir -p /Users/chushoutv/Desktop/opencv-3.3.1/bulid/CMakeFiles/CMakeTmp/CMAKE_TRY_COMPILE.build/Debug/cmTC_61830.build/Objects-normal/x86_64
write-file /Users/chushoutv/Desktop/opencv-3.3.1/bulid/CMakeFiles/CMakeTmp/CMAKE_TRY_COMPILE.build/Debug/cmTC_61830.build/Objects-normal/x86_64/cmTC_61830.LinkFileList

CompileC CMAKE_TRY_COMPILE.build/Debug/cmTC_61830.build/Objects-normal/x86_64/CheckFunctionExists.o /Applications/CMake.app/Contents/share/cmake-3.9/Modules/CheckFunctionExists.c normal x86_64 c com.apple.compilers.llvm.clang.1_0.compiler
    cd /Users/chushoutv/Desktop/opencv-3.3.1/bulid/CMakeFiles/CMakeTmp
    export LANG=en_US.US-ASCII
    /Applications/Xcode.app/Contents/Developer/Toolchains/XcodeDefault.xctoolchain/usr/bin/clang -x c -arch x86_64 -fmessage-length=0 -fdiagnostics-show-note-include-stack -fmacro-backtrace-limit=0 -Wno-trigraphs -fpascal-strings -O0 -Wno-missing-field-initializers -Wno-missing-prototypes -Wno-return-type -Wno-missing-braces -Wparentheses -Wswitch -Wno-unused-function -Wno-unused-label -Wno-unused-parameter -Wno-unused-variable -Wunused-value -Wno-empty-body -Wno-uninitialized -Wno-unknown-pragmas -Wno-shadow -Wno-four-char-constants -Wno-conversion -Wno-constant-conversion -Wno-int-conversion -Wno-bool-conversion -Wno-enum-conversion -Wno-float-conversion -Wno-non-literal-null-conversion -Wno-objc-literal-conversion -Wno-shorten-64-to-32 -Wpointer-sign -Wno-newline-eof -DCMAKE_INTDIR=\"Debug\" -isysroot /Applications/Xcode.app/Contents/Developer/Platforms/MacOSX.platform/Developer/SDKs/MacOSX10.13.sdk -fasm-blocks -fstrict-aliasing -Wdeprecated-declarations -mmacosx-version-min=10.12 -g -Wno-sign-conversion -Wno-infinite-recursion -Wno-comma -Wno-block-capture-autoreleasing -Wno-strict-prototypes -I/Users/chushoutv/Desktop/opencv-3.3.1/bulid/CMakeFiles/CMakeTmp/Debug/include -I/Users/chushoutv/Desktop/opencv-3.3.1/bulid/CMakeFiles/CMakeTmp/CMAKE_TRY_COMPILE.build/Debug/cmTC_61830.build/DerivedSources/x86_64 -I/Users/chushoutv/Desktop/opencv-3.3.1/bulid/CMakeFiles/CMakeTmp/CMAKE_TRY_COMPILE.build/Debug/cmTC_61830.build/DerivedSources -Wmost -Wno-four-char-constants -Wno-unknown-pragmas -F/Users/chushoutv/Desktop/opencv-3.3.1/bulid/CMakeFiles/CMakeTmp/Debug -fsigned-char -W -Wall -Werror=return-type -Werror=non-virtual-dtor -Werror=address -Werror=sequence-point -Wformat -Werror=format-security -Wmissing-declarations -Wmissing-prototypes -Wstrict-prototypes -Wundef -Winit-self -Wpointer-arith -Wshadow -Wsign-promo -Wuninitialized -Winit-self -Wno-narrowing -Wno-delete-non-virtual-dtor -Wno-unnamed-type-template-args -Wno-comment -Wno-implicit-fallthrough -fdiagnostics-show-option -Wno-long-long -Qunused-arguments -Wno-semicolon-before-method-body -fno-omit-frame-pointer -ffunction-sections -msse -msse2 -msse3 -fvisibility=hidden -fvisibility-inlines-hidden -DCHECK_FUNCTION_EXISTS=jbg_newlen -MMD -MT dependencies -MF /Users/chushoutv/Desktop/opencv-3.3.1/bulid/CMakeFiles/CMakeTmp/CMAKE_TRY_COMPILE.build/Debug/cmTC_61830.build/Objects-normal/x86_64/CheckFunctionExists.d --serialize-diagnostics /Users/chushoutv/Desktop/opencv-3.3.1/bulid/CMakeFiles/CMakeTmp/CMAKE_TRY_COMPILE.build/Debug/cmTC_61830.build/Objects-normal/x86_64/CheckFunctionExists.dia -c /Applications/CMake.app/Contents/share/cmake-3.9/Modules/CheckFunctionExists.c -o /Users/chushoutv/Desktop/opencv-3.3.1/bulid/CMakeFiles/CMakeTmp/CMAKE_TRY_COMPILE.build/Debug/cmTC_61830.build/Objects-normal/x86_64/CheckFunctionExists.o

Ld Debug/cmTC_61830 normal x86_64
    cd /Users/chushoutv/Desktop/opencv-3.3.1/bulid/CMakeFiles/CMakeTmp
    export MACOSX_DEPLOYMENT_TARGET=10.12
    /Applications/Xcode.app/Contents/Developer/Toolchains/XcodeDefault.xctoolchain/usr/bin/clang -arch x86_64 -isysroot /Applications/Xcode.app/Contents/Developer/Platforms/MacOSX.platform/Developer/SDKs/MacOSX10.13.sdk -L/Users/chushoutv/Desktop/opencv-3.3.1/bulid/CMakeFiles/CMakeTmp/Debug -F/Users/chushoutv/Desktop/opencv-3.3.1/bulid/CMakeFiles/CMakeTmp/Debug -filelist /Users/chushoutv/Desktop/opencv-3.3.1/bulid/CMakeFiles/CMakeTmp/CMAKE_TRY_COMPILE.build/Debug/cmTC_61830.build/Objects-normal/x86_64/cmTC_61830.LinkFileList -mmacosx-version-min=10.12 -Xlinker -object_path_lto -Xlinker /Users/chushoutv/Desktop/opencv-3.3.1/bulid/CMakeFiles/CMakeTmp/CMAKE_TRY_COMPILE.build/Debug/cmTC_61830.build/Objects-normal/x86_64/cmTC_61830_lto.o -Xlinker -no_deduplicate -Wl,-search_paths_first -Wl,-headerpad_max_install_names -Xlinker -dependency_info -Xlinker /Users/chushoutv/Desktop/opencv-3.3.1/bulid/CMakeFiles/CMakeTmp/CMAKE_TRY_COMPILE.build/Debug/cmTC_61830.build/Objects-normal/x86_64/cmTC_61830_dependency_info.dat -o /Users/chushoutv/Desktop/opencv-3.3.1/bulid/CMakeFiles/CMakeTmp/Debug/cmTC_61830
Undefined symbols for architecture x86_64:
  "_jbg_newlen", referenced from:
      _main in CheckFunctionExists.o
ld: symbol(s) not found for architecture x86_64
clang: error: linker command failed with exit code 1 (use -v to see invocation)

** BUILD FAILED **


The following build commands failed:
	Ld Debug/cmTC_61830 normal x86_64
(1 failure)


Build output check failed:
    Regex: 'unknown .*option'
    Output line: 'warning: unknown warning option '-Wno-unused-but-set-variable', did you mean '-Wno-unused-const-variable'? [-Wunknown-warning-option]'
Compilation failed:
    source file: '/Users/chushoutv/Desktop/opencv-3.3.1/bulid/CMakeFiles/CMakeTmp/src.c'
    check option: ' -Wno-unused-but-set-variable'
===== BUILD LOG =====
Change Dir: /Users/chushoutv/Desktop/opencv-3.3.1/bulid/CMakeFiles/CMakeTmp

Run Build Command:"/usr/bin/xcodebuild" "-project" "CMAKE_TRY_COMPILE.xcodeproj" "build" "-target" "cmTC_3fa8d" "-configuration" "Debug"
2017-11-01 13:51:06.528 xcodebuild[3518:196008] [MT] PluginLoading: Required plug-in compatibility UUID DF11C142-1584-4A99-87AC-1925D5F5652A for plug-in at path '~/Library/Application Support/Developer/Shared/Xcode/Plug-ins/VVDocumenter-Xcode.xcplugin' not present in DVTPlugInCompatibilityUUIDs
2017-11-01 13:51:06.528 xcodebuild[3518:196008] [MT] PluginLoading: Required plug-in compatibility UUID DF11C142-1584-4A99-87AC-1925D5F5652A for plug-in at path '~/Library/Application Support/Developer/Shared/Xcode/Plug-ins/Unity4XC.xcplugin' not present in DVTPlugInCompatibilityUUIDs
2017-11-01 13:51:06.528 xcodebuild[3518:196008] Failed to load plugin at: /Users/chushoutv/Library/Application Support/Developer/Shared/Xcode/Plug-ins/Unity4XC.xcplugin, skipping.  Reason for failure: *** -[__NSPlaceholderDictionary initWithObjects:forKeys:count:]: attempt to insert nil object from objects[0]
2017-11-01 13:51:06.528 xcodebuild[3518:196008] [MT] PluginLoading: Required plug-in compatibility UUID DF11C142-1584-4A99-87AC-1925D5F5652A for plug-in at path '~/Library/Application Support/Developer/Shared/Xcode/Plug-ins/FuzzyAutocomplete.xcplugin' not present in DVTPlugInCompatibilityUUIDs
2017-11-01 13:51:06.529 xcodebuild[3518:196008] [MT] PluginLoading: Required plug-in compatibility UUID DF11C142-1584-4A99-87AC-1925D5F5652A for plug-in at path '~/Library/Application Support/Developer/Shared/Xcode/Plug-ins/CocoaPods.xcplugin' not present in DVTPlugInCompatibilityUUIDs
=== BUILD TARGET cmTC_3fa8d OF PROJECT CMAKE_TRY_COMPILE WITH CONFIGURATION Debug ===

Check dependencies

Write auxiliary files
/bin/mkdir -p /Users/chushoutv/Desktop/opencv-3.3.1/bulid/CMakeFiles/CMakeTmp/CMAKE_TRY_COMPILE.build/Debug/cmTC_3fa8d.build/Objects-normal/x86_64
write-file /Users/chushoutv/Desktop/opencv-3.3.1/bulid/CMakeFiles/CMakeTmp/CMAKE_TRY_COMPILE.build/Debug/cmTC_3fa8d.build/Objects-normal/x86_64/cmTC_3fa8d.LinkFileList

CompileC CMAKE_TRY_COMPILE.build/Debug/cmTC_3fa8d.build/Objects-normal/x86_64/src.o src.c normal x86_64 c com.apple.compilers.llvm.clang.1_0.compiler
    cd /Users/chushoutv/Desktop/opencv-3.3.1/bulid/CMakeFiles/CMakeTmp
    export LANG=en_US.US-ASCII
    /Applications/Xcode.app/Contents/Developer/Toolchains/XcodeDefault.xctoolchain/usr/bin/clang -x c -arch x86_64 -fmessage-length=0 -fdiagnostics-show-note-include-stack -fmacro-backtrace-limit=0 -Wno-trigraphs -fpascal-strings -O0 -Wno-missing-field-initializers -Wno-missing-prototypes -Wno-return-type -Wno-missing-braces -Wparentheses -Wswitch -Wno-unused-function -Wno-unused-label -Wno-unused-parameter -Wno-unused-variable -Wunused-value -Wno-empty-body -Wno-uninitialized -Wno-unknown-pragmas -Wno-shadow -Wno-four-char-constants -Wno-conversion -Wno-constant-conversion -Wno-int-conversion -Wno-bool-conversion -Wno-enum-conversion -Wno-float-conversion -Wno-non-literal-null-conversion -Wno-objc-literal-conversion -Wno-shorten-64-to-32 -Wpointer-sign -Wno-newline-eof -DCMAKE_INTDIR=\"Debug\" -isysroot /Applications/Xcode.app/Contents/Developer/Platforms/MacOSX.platform/Developer/SDKs/MacOSX10.13.sdk -fasm-blocks -fstrict-aliasing -Wdeprecated-declarations -mmacosx-version-min=10.12 -g -Wno-sign-conversion -Wno-infinite-recursion -Wno-comma -Wno-block-capture-autoreleasing -Wno-strict-prototypes -I/Users/chushoutv/Desktop/opencv-3.3.1/bulid/CMakeFiles/CMakeTmp/Debug/include -I/Users/chushoutv/Desktop/opencv-3.3.1/bulid/CMakeFiles/CMakeTmp/CMAKE_TRY_COMPILE.build/Debug/cmTC_3fa8d.build/DerivedSources/x86_64 -I/Users/chushoutv/Desktop/opencv-3.3.1/bulid/CMakeFiles/CMakeTmp/CMAKE_TRY_COMPILE.build/Debug/cmTC_3fa8d.build/DerivedSources -Wmost -Wno-four-char-constants -Wno-unknown-pragmas -F/Users/chushoutv/Desktop/opencv-3.3.1/bulid/CMakeFiles/CMakeTmp/Debug -fsigned-char -W -Wall -Werror=return-type -Werror=non-virtual-dtor -Werror=address -Werror=sequence-point -Wformat -Werror=format-security -Wmissing-declarations -Wmissing-prototypes -Wstrict-prototypes -Wundef -Winit-self -Wpointer-arith -Wshadow -Wsign-promo -Wuninitialized -Winit-self -Wno-narrowing -Wno-delete-non-virtual-dtor -Wno-unnamed-type-template-args -Wno-comment -Wno-implicit-fallthrough -fdiagnostics-show-option -Wno-long-long -Qunused-arguments -Wno-semicolon-before-method-body -fno-omit-frame-pointer -ffunction-sections -msse -msse2 -msse3 -fvisibility=hidden -fvisibility-inlines-hidden -Wno-unused-but-set-variable -MMD -MT dependencies -MF /Users/chushoutv/Desktop/opencv-3.3.1/bulid/CMakeFiles/CMakeTmp/CMAKE_TRY_COMPILE.build/Debug/cmTC_3fa8d.build/Objects-normal/x86_64/src.d --serialize-diagnostics /Users/chushoutv/Desktop/opencv-3.3.1/bulid/CMakeFiles/CMakeTmp/CMAKE_TRY_COMPILE.build/Debug/cmTC_3fa8d.build/Objects-normal/x86_64/src.dia -c /Users/chushoutv/Desktop/opencv-3.3.1/bulid/CMakeFiles/CMakeTmp/src.c -o /Users/chushoutv/Desktop/opencv-3.3.1/bulid/CMakeFiles/CMakeTmp/CMAKE_TRY_COMPILE.build/Debug/cmTC_3fa8d.build/Objects-normal/x86_64/src.o
warning: unknown warning option '-Wno-unused-but-set-variable'; did you mean '-Wno-unused-const-variable'? [-Wunknown-warning-option]
/Users/chushoutv/Desktop/opencv-3.3.1/bulid/CMakeFiles/CMakeTmp/src.c:1:8: warning: unknown pragma ignored [-Wunknown-pragmas]
#pragma
       ^
2 warnings generated.

Ld Debug/cmTC_3fa8d normal x86_64
    cd /Users/chushoutv/Desktop/opencv-3.3.1/bulid/CMakeFiles/CMakeTmp
    export MACOSX_DEPLOYMENT_TARGET=10.12
    /Applications/Xcode.app/Contents/Developer/Toolchains/XcodeDefault.xctoolchain/usr/bin/clang -arch x86_64 -isysroot /Applications/Xcode.app/Contents/Developer/Platforms/MacOSX.platform/Developer/SDKs/MacOSX10.13.sdk -L/Users/chushoutv/Desktop/opencv-3.3.1/bulid/CMakeFiles/CMakeTmp/Debug -F/Users/chushoutv/Desktop/opencv-3.3.1/bulid/CMakeFiles/CMakeTmp/Debug -filelist /Users/chushoutv/Desktop/opencv-3.3.1/bulid/CMakeFiles/CMakeTmp/CMAKE_TRY_COMPILE.build/Debug/cmTC_3fa8d.build/Objects-normal/x86_64/cmTC_3fa8d.LinkFileList -mmacosx-version-min=10.12 -Xlinker -object_path_lto -Xlinker /Users/chushoutv/Desktop/opencv-3.3.1/bulid/CMakeFiles/CMakeTmp/CMAKE_TRY_COMPILE.build/Debug/cmTC_3fa8d.build/Objects-normal/x86_64/cmTC_3fa8d_lto.o -Xlinker -no_deduplicate -Wl,-search_paths_first -Wl,-headerpad_max_install_names -Xlinker -dependency_info -Xlinker /Users/chushoutv/Desktop/opencv-3.3.1/bulid/CMakeFiles/CMakeTmp/CMAKE_TRY_COMPILE.build/Debug/cmTC_3fa8d.build/Objects-normal/x86_64/cmTC_3fa8d_dependency_info.dat -o /Users/chushoutv/Desktop/opencv-3.3.1/bulid/CMakeFiles/CMakeTmp/Debug/cmTC_3fa8d

** BUILD SUCCEEDED **


===== END =====

Build output check failed:
    Regex: 'unknown .*option'
    Output line: 'warning: unknown warning option '-Wno-maybe-uninitialized', did you mean '-Wno-uninitialized'? [-Wunknown-warning-option]'
Compilation failed:
    source file: '/Users/chushoutv/Desktop/opencv-3.3.1/bulid/CMakeFiles/CMakeTmp/src.c'
    check option: ' -Wno-maybe-uninitialized'
===== BUILD LOG =====
Change Dir: /Users/chushoutv/Desktop/opencv-3.3.1/bulid/CMakeFiles/CMakeTmp

Run Build Command:"/usr/bin/xcodebuild" "-project" "CMAKE_TRY_COMPILE.xcodeproj" "build" "-target" "cmTC_9e874" "-configuration" "Debug"
2017-11-01 13:51:13.540 xcodebuild[3614:196443] [MT] PluginLoading: Required plug-in compatibility UUID DF11C142-1584-4A99-87AC-1925D5F5652A for plug-in at path '~/Library/Application Support/Developer/Shared/Xcode/Plug-ins/VVDocumenter-Xcode.xcplugin' not present in DVTPlugInCompatibilityUUIDs
2017-11-01 13:51:13.540 xcodebuild[3614:196443] [MT] PluginLoading: Required plug-in compatibility UUID DF11C142-1584-4A99-87AC-1925D5F5652A for plug-in at path '~/Library/Application Support/Developer/Shared/Xcode/Plug-ins/Unity4XC.xcplugin' not present in DVTPlugInCompatibilityUUIDs
2017-11-01 13:51:13.540 xcodebuild[3614:196443] Failed to load plugin at: /Users/chushoutv/Library/Application Support/Developer/Shared/Xcode/Plug-ins/Unity4XC.xcplugin, skipping.  Reason for failure: *** -[__NSPlaceholderDictionary initWithObjects:forKeys:count:]: attempt to insert nil object from objects[0]
2017-11-01 13:51:13.541 xcodebuild[3614:196443] [MT] PluginLoading: Required plug-in compatibility UUID DF11C142-1584-4A99-87AC-1925D5F5652A for plug-in at path '~/Library/Application Support/Developer/Shared/Xcode/Plug-ins/FuzzyAutocomplete.xcplugin' not present in DVTPlugInCompatibilityUUIDs
2017-11-01 13:51:13.541 xcodebuild[3614:196443] [MT] PluginLoading: Required plug-in compatibility UUID DF11C142-1584-4A99-87AC-1925D5F5652A for plug-in at path '~/Library/Application Support/Developer/Shared/Xcode/Plug-ins/CocoaPods.xcplugin' not present in DVTPlugInCompatibilityUUIDs
=== BUILD TARGET cmTC_9e874 OF PROJECT CMAKE_TRY_COMPILE WITH CONFIGURATION Debug ===

Check dependencies

Write auxiliary files
/bin/mkdir -p /Users/chushoutv/Desktop/opencv-3.3.1/bulid/CMakeFiles/CMakeTmp/CMAKE_TRY_COMPILE.build/Debug/cmTC_9e874.build/Objects-normal/x86_64
write-file /Users/chushoutv/Desktop/opencv-3.3.1/bulid/CMakeFiles/CMakeTmp/CMAKE_TRY_COMPILE.build/Debug/cmTC_9e874.build/Objects-normal/x86_64/cmTC_9e874.LinkFileList

CompileC CMAKE_TRY_COMPILE.build/Debug/cmTC_9e874.build/Objects-normal/x86_64/src.o src.c normal x86_64 c com.apple.compilers.llvm.clang.1_0.compiler
    cd /Users/chushoutv/Desktop/opencv-3.3.1/bulid/CMakeFiles/CMakeTmp
    export LANG=en_US.US-ASCII
    /Applications/Xcode.app/Contents/Developer/Toolchains/XcodeDefault.xctoolchain/usr/bin/clang -x c -arch x86_64 -fmessage-length=0 -fdiagnostics-show-note-include-stack -fmacro-backtrace-limit=0 -Wno-trigraphs -fpascal-strings -O0 -Wno-missing-field-initializers -Wno-missing-prototypes -Wno-return-type -Wno-missing-braces -Wparentheses -Wswitch -Wno-unused-function -Wno-unused-label -Wno-unused-parameter -Wno-unused-variable -Wunused-value -Wno-empty-body -Wno-uninitialized -Wno-unknown-pragmas -Wno-shadow -Wno-four-char-constants -Wno-conversion -Wno-constant-conversion -Wno-int-conversion -Wno-bool-conversion -Wno-enum-conversion -Wno-float-conversion -Wno-non-literal-null-conversion -Wno-objc-literal-conversion -Wno-shorten-64-to-32 -Wpointer-sign -Wno-newline-eof -DCMAKE_INTDIR=\"Debug\" -isysroot /Applications/Xcode.app/Contents/Developer/Platforms/MacOSX.platform/Developer/SDKs/MacOSX10.13.sdk -fasm-blocks -fstrict-aliasing -Wdeprecated-declarations -mmacosx-version-min=10.12 -g -Wno-sign-conversion -Wno-infinite-recursion -Wno-comma -Wno-block-capture-autoreleasing -Wno-strict-prototypes -I/Users/chushoutv/Desktop/opencv-3.3.1/bulid/CMakeFiles/CMakeTmp/Debug/include -I/Users/chushoutv/Desktop/opencv-3.3.1/bulid/CMakeFiles/CMakeTmp/CMAKE_TRY_COMPILE.build/Debug/cmTC_9e874.build/DerivedSources/x86_64 -I/Users/chushoutv/Desktop/opencv-3.3.1/bulid/CMakeFiles/CMakeTmp/CMAKE_TRY_COMPILE.build/Debug/cmTC_9e874.build/DerivedSources -Wmost -Wno-four-char-constants -Wno-unknown-pragmas -F/Users/chushoutv/Desktop/opencv-3.3.1/bulid/CMakeFiles/CMakeTmp/Debug -fsigned-char -W -Wall -Werror=return-type -Werror=non-virtual-dtor -Werror=address -Werror=sequence-point -Wformat -Werror=format-security -Wstrict-prototypes -Winit-self -Wpointer-arith -Wsign-promo -Wuninitialized -Winit-self -Wno-narrowing -Wno-delete-non-virtual-dtor -Wno-unnamed-type-template-args -Wno-comment -Wno-implicit-fallthrough -fdiagnostics-show-option -Wno-long-long -Qunused-arguments -Wno-semicolon-before-method-body -fno-omit-frame-pointer -ffunction-sections -msse -msse2 -msse3 -fvisibility=hidden -fvisibility-inlines-hidden -Wno-missing-prototypes -Wno-missing-declarations -Wno-undef -Wno-unused -Wno-sign-compare -Wno-cast-align -Wno-shadow -Wno-maybe-uninitialized -MMD -MT dependencies -MF /Users/chushoutv/Desktop/opencv-3.3.1/bulid/CMakeFiles/CMakeTmp/CMAKE_TRY_COMPILE.build/Debug/cmTC_9e874.build/Objects-normal/x86_64/src.d --serialize-diagnostics /Users/chushoutv/Desktop/opencv-3.3.1/bulid/CMakeFiles/CMakeTmp/CMAKE_TRY_COMPILE.build/Debug/cmTC_9e874.build/Objects-normal/x86_64/src.dia -c /Users/chushoutv/Desktop/opencv-3.3.1/bulid/CMakeFiles/CMakeTmp/src.c -o /Users/chushoutv/Desktop/opencv-3.3.1/bulid/CMakeFiles/CMakeTmp/CMAKE_TRY_COMPILE.build/Debug/cmTC_9e874.build/Objects-normal/x86_64/src.o
warning: unknown warning option '-Wno-maybe-uninitialized'; did you mean '-Wno-uninitialized'? [-Wunknown-warning-option]
/Users/chushoutv/Desktop/opencv-3.3.1/bulid/CMakeFiles/CMakeTmp/src.c:1:8: warning: unknown pragma ignored [-Wunknown-pragmas]
#pragma
       ^
2 warnings generated.

Ld Debug/cmTC_9e874 normal x86_64
    cd /Users/chushoutv/Desktop/opencv-3.3.1/bulid/CMakeFiles/CMakeTmp
    export MACOSX_DEPLOYMENT_TARGET=10.12
    /Applications/Xcode.app/Contents/Developer/Toolchains/XcodeDefault.xctoolchain/usr/bin/clang -arch x86_64 -isysroot /Applications/Xcode.app/Contents/Developer/Platforms/MacOSX.platform/Developer/SDKs/MacOSX10.13.sdk -L/Users/chushoutv/Desktop/opencv-3.3.1/bulid/CMakeFiles/CMakeTmp/Debug -F/Users/chushoutv/Desktop/opencv-3.3.1/bulid/CMakeFiles/CMakeTmp/Debug -filelist /Users/chushoutv/Desktop/opencv-3.3.1/bulid/CMakeFiles/CMakeTmp/CMAKE_TRY_COMPILE.build/Debug/cmTC_9e874.build/Objects-normal/x86_64/cmTC_9e874.LinkFileList -mmacosx-version-min=10.12 -Xlinker -object_path_lto -Xlinker /Users/chushoutv/Desktop/opencv-3.3.1/bulid/CMakeFiles/CMakeTmp/CMAKE_TRY_COMPILE.build/Debug/cmTC_9e874.build/Objects-normal/x86_64/cmTC_9e874_lto.o -Xlinker -no_deduplicate -Wl,-search_paths_first -Wl,-headerpad_max_install_names -Xlinker -dependency_info -Xlinker /Users/chushoutv/Desktop/opencv-3.3.1/bulid/CMakeFiles/CMakeTmp/CMAKE_TRY_COMPILE.build/Debug/cmTC_9e874.build/Objects-normal/x86_64/cmTC_9e874_dependency_info.dat -o /Users/chushoutv/Desktop/opencv-3.3.1/bulid/CMakeFiles/CMakeTmp/Debug/cmTC_9e874

** BUILD SUCCEEDED **


===== END =====

Build output check failed:
    Regex: 'unknown .*option'
    Output line: 'warning: unknown warning option '-Wno-misleading-indentation', did you mean '-Wno-missing-declarations'? [-Wunknown-warning-option]'
Compilation failed:
    source file: '/Users/chushoutv/Desktop/opencv-3.3.1/bulid/CMakeFiles/CMakeTmp/src.c'
    check option: ' -Wno-misleading-indentation'
===== BUILD LOG =====
Change Dir: /Users/chushoutv/Desktop/opencv-3.3.1/bulid/CMakeFiles/CMakeTmp

Run Build Command:"/usr/bin/xcodebuild" "-project" "CMAKE_TRY_COMPILE.xcodeproj" "build" "-target" "cmTC_ebf94" "-configuration" "Debug"
2017-11-01 13:51:16.591 xcodebuild[3662:196646] [MT] PluginLoading: Required plug-in compatibility UUID DF11C142-1584-4A99-87AC-1925D5F5652A for plug-in at path '~/Library/Application Support/Developer/Shared/Xcode/Plug-ins/VVDocumenter-Xcode.xcplugin' not present in DVTPlugInCompatibilityUUIDs
2017-11-01 13:51:16.591 xcodebuild[3662:196646] [MT] PluginLoading: Required plug-in compatibility UUID DF11C142-1584-4A99-87AC-1925D5F5652A for plug-in at path '~/Library/Application Support/Developer/Shared/Xcode/Plug-ins/Unity4XC.xcplugin' not present in DVTPlugInCompatibilityUUIDs
2017-11-01 13:51:16.591 xcodebuild[3662:196646] Failed to load plugin at: /Users/chushoutv/Library/Application Support/Developer/Shared/Xcode/Plug-ins/Unity4XC.xcplugin, skipping.  Reason for failure: *** -[__NSPlaceholderDictionary initWithObjects:forKeys:count:]: attempt to insert nil object from objects[0]
2017-11-01 13:51:16.591 xcodebuild[3662:196646] [MT] PluginLoading: Required plug-in compatibility UUID DF11C142-1584-4A99-87AC-1925D5F5652A for plug-in at path '~/Library/Application Support/Developer/Shared/Xcode/Plug-ins/FuzzyAutocomplete.xcplugin' not present in DVTPlugInCompatibilityUUIDs
2017-11-01 13:51:16.592 xcodebuild[3662:196646] [MT] PluginLoading: Required plug-in compatibility UUID DF11C142-1584-4A99-87AC-1925D5F5652A for plug-in at path '~/Library/Application Support/Developer/Shared/Xcode/Plug-ins/CocoaPods.xcplugin' not present in DVTPlugInCompatibilityUUIDs
=== BUILD TARGET cmTC_ebf94 OF PROJECT CMAKE_TRY_COMPILE WITH CONFIGURATION Debug ===

Check dependencies

Write auxiliary files
/bin/mkdir -p /Users/chushoutv/Desktop/opencv-3.3.1/bulid/CMakeFiles/CMakeTmp/CMAKE_TRY_COMPILE.build/Debug/cmTC_ebf94.build/Objects-normal/x86_64
write-file /Users/chushoutv/Desktop/opencv-3.3.1/bulid/CMakeFiles/CMakeTmp/CMAKE_TRY_COMPILE.build/Debug/cmTC_ebf94.build/Objects-normal/x86_64/cmTC_ebf94.LinkFileList

CompileC CMAKE_TRY_COMPILE.build/Debug/cmTC_ebf94.build/Objects-normal/x86_64/src.o src.c normal x86_64 c com.apple.compilers.llvm.clang.1_0.compiler
    cd /Users/chushoutv/Desktop/opencv-3.3.1/bulid/CMakeFiles/CMakeTmp
    export LANG=en_US.US-ASCII
    /Applications/Xcode.app/Contents/Developer/Toolchains/XcodeDefault.xctoolchain/usr/bin/clang -x c -arch x86_64 -fmessage-length=0 -fdiagnostics-show-note-include-stack -fmacro-backtrace-limit=0 -Wno-trigraphs -fpascal-strings -O0 -Wno-missing-field-initializers -Wno-missing-prototypes -Wno-return-type -Wno-missing-braces -Wparentheses -Wswitch -Wno-unused-function -Wno-unused-label -Wno-unused-parameter -Wno-unused-variable -Wunused-value -Wno-empty-body -Wno-uninitialized -Wno-unknown-pragmas -Wno-shadow -Wno-four-char-constants -Wno-conversion -Wno-constant-conversion -Wno-int-conversion -Wno-bool-conversion -Wno-enum-conversion -Wno-float-conversion -Wno-non-literal-null-conversion -Wno-objc-literal-conversion -Wno-shorten-64-to-32 -Wpointer-sign -Wno-newline-eof -DCMAKE_INTDIR=\"Debug\" -isysroot /Applications/Xcode.app/Contents/Developer/Platforms/MacOSX.platform/Developer/SDKs/MacOSX10.13.sdk -fasm-blocks -fstrict-aliasing -Wdeprecated-declarations -mmacosx-version-min=10.12 -g -Wno-sign-conversion -Wno-infinite-recursion -Wno-comma -Wno-block-capture-autoreleasing -Wno-strict-prototypes -I/Users/chushoutv/Desktop/opencv-3.3.1/bulid/CMakeFiles/CMakeTmp/Debug/include -I/Users/chushoutv/Desktop/opencv-3.3.1/bulid/CMakeFiles/CMakeTmp/CMAKE_TRY_COMPILE.build/Debug/cmTC_ebf94.build/DerivedSources/x86_64 -I/Users/chushoutv/Desktop/opencv-3.3.1/bulid/CMakeFiles/CMakeTmp/CMAKE_TRY_COMPILE.build/Debug/cmTC_ebf94.build/DerivedSources -Wmost -Wno-four-char-constants -Wno-unknown-pragmas -F/Users/chushoutv/Desktop/opencv-3.3.1/bulid/CMakeFiles/CMakeTmp/Debug -fsigned-char -W -Wall -Werror=return-type -Werror=non-virtual-dtor -Werror=address -Werror=sequence-point -Wformat -Werror=format-security -Wstrict-prototypes -Winit-self -Wpointer-arith -Wsign-promo -Wuninitialized -Winit-self -Wno-narrowing -Wno-delete-non-virtual-dtor -Wno-unnamed-type-template-args -Wno-comment -Wno-implicit-fallthrough -fdiagnostics-show-option -Wno-long-long -Qunused-arguments -Wno-semicolon-before-method-body -fno-omit-frame-pointer -ffunction-sections -msse -msse2 -msse3 -fvisibility=hidden -fvisibility-inlines-hidden -Wno-missing-prototypes -Wno-missing-declarations -Wno-undef -Wno-unused -Wno-sign-compare -Wno-cast-align -Wno-shadow -Wno-pointer-to-int-cast -Wno-int-to-pointer-cast -Wno-misleading-indentation -MMD -MT dependencies -MF /Users/chushoutv/Desktop/opencv-3.3.1/bulid/CMakeFiles/CMakeTmp/CMAKE_TRY_COMPILE.build/Debug/cmTC_ebf94.build/Objects-normal/x86_64/src.d --serialize-diagnostics /Users/chushoutv/Desktop/opencv-3.3.1/bulid/CMakeFiles/CMakeTmp/CMAKE_TRY_COMPILE.build/Debug/cmTC_ebf94.build/Objects-normal/x86_64/src.dia -c /Users/chushoutv/Desktop/opencv-3.3.1/bulid/CMakeFiles/CMakeTmp/src.c -o /Users/chushoutv/Desktop/opencv-3.3.1/bulid/CMakeFiles/CMakeTmp/CMAKE_TRY_COMPILE.build/Debug/cmTC_ebf94.build/Objects-normal/x86_64/src.o
warning: unknown warning option '-Wno-misleading-indentation'; did you mean '-Wno-missing-declarations'? [-Wunknown-warning-option]
/Users/chushoutv/Desktop/opencv-3.3.1/bulid/CMakeFiles/CMakeTmp/src.c:1:8: warning: unknown pragma ignored [-Wunknown-pragmas]
#pragma
       ^
2 warnings generated.

Ld Debug/cmTC_ebf94 normal x86_64
    cd /Users/chushoutv/Desktop/opencv-3.3.1/bulid/CMakeFiles/CMakeTmp
    export MACOSX_DEPLOYMENT_TARGET=10.12
    /Applications/Xcode.app/Contents/Developer/Toolchains/XcodeDefault.xctoolchain/usr/bin/clang -arch x86_64 -isysroot /Applications/Xcode.app/Contents/Developer/Platforms/MacOSX.platform/Developer/SDKs/MacOSX10.13.sdk -L/Users/chushoutv/Desktop/opencv-3.3.1/bulid/CMakeFiles/CMakeTmp/Debug -F/Users/chushoutv/Desktop/opencv-3.3.1/bulid/CMakeFiles/CMakeTmp/Debug -filelist /Users/chushoutv/Desktop/opencv-3.3.1/bulid/CMakeFiles/CMakeTmp/CMAKE_TRY_COMPILE.build/Debug/cmTC_ebf94.build/Objects-normal/x86_64/cmTC_ebf94.LinkFileList -mmacosx-version-min=10.12 -Xlinker -object_path_lto -Xlinker /Users/chushoutv/Desktop/opencv-3.3.1/bulid/CMakeFiles/CMakeTmp/CMAKE_TRY_COMPILE.build/Debug/cmTC_ebf94.build/Objects-normal/x86_64/cmTC_ebf94_lto.o -Xlinker -no_deduplicate -Wl,-search_paths_first -Wl,-headerpad_max_install_names -Xlinker -dependency_info -Xlinker /Users/chushoutv/Desktop/opencv-3.3.1/bulid/CMakeFiles/CMakeTmp/CMAKE_TRY_COMPILE.build/Debug/cmTC_ebf94.build/Objects-normal/x86_64/cmTC_ebf94_dependency_info.dat -o /Users/chushoutv/Desktop/opencv-3.3.1/bulid/CMakeFiles/CMakeTmp/Debug/cmTC_ebf94

** BUILD SUCCEEDED **


===== END =====

Build output check failed:
    Regex: 'unknown .*option'
    Output line: 'warning: unknown warning option '-Wno-unused-but-set-parameter', did you mean '-Wno-unused-parameter'? [-Wunknown-warning-option]'
Compilation failed:
    source file: '/Users/chushoutv/Desktop/opencv-3.3.1/bulid/CMakeFiles/CMakeTmp/src.c'
    check option: ' -Wno-unused-but-set-parameter'
===== BUILD LOG =====
Change Dir: /Users/chushoutv/Desktop/opencv-3.3.1/bulid/CMakeFiles/CMakeTmp

Run Build Command:"/usr/bin/xcodebuild" "-project" "CMAKE_TRY_COMPILE.xcodeproj" "build" "-target" "cmTC_3991f" "-configuration" "Debug"
2017-11-01 13:51:25.430 xcodebuild[3790:197122] [MT] PluginLoading: Required plug-in compatibility UUID DF11C142-1584-4A99-87AC-1925D5F5652A for plug-in at path '~/Library/Application Support/Developer/Shared/Xcode/Plug-ins/VVDocumenter-Xcode.xcplugin' not present in DVTPlugInCompatibilityUUIDs
2017-11-01 13:51:25.430 xcodebuild[3790:197122] [MT] PluginLoading: Required plug-in compatibility UUID DF11C142-1584-4A99-87AC-1925D5F5652A for plug-in at path '~/Library/Application Support/Developer/Shared/Xcode/Plug-ins/Unity4XC.xcplugin' not present in DVTPlugInCompatibilityUUIDs
2017-11-01 13:51:25.430 xcodebuild[3790:197122] Failed to load plugin at: /Users/chushoutv/Library/Application Support/Developer/Shared/Xcode/Plug-ins/Unity4XC.xcplugin, skipping.  Reason for failure: *** -[__NSPlaceholderDictionary initWithObjects:forKeys:count:]: attempt to insert nil object from objects[0]
2017-11-01 13:51:25.430 xcodebuild[3790:197122] [MT] PluginLoading: Required plug-in compatibility UUID DF11C142-1584-4A99-87AC-1925D5F5652A for plug-in at path '~/Library/Application Support/Developer/Shared/Xcode/Plug-ins/FuzzyAutocomplete.xcplugin' not present in DVTPlugInCompatibilityUUIDs
2017-11-01 13:51:25.431 xcodebuild[3790:197122] [MT] PluginLoading: Required plug-in compatibility UUID DF11C142-1584-4A99-87AC-1925D5F5652A for plug-in at path '~/Library/Application Support/Developer/Shared/Xcode/Plug-ins/CocoaPods.xcplugin' not present in DVTPlugInCompatibilityUUIDs
=== BUILD TARGET cmTC_3991f OF PROJECT CMAKE_TRY_COMPILE WITH CONFIGURATION Debug ===

Check dependencies

Write auxiliary files
/bin/mkdir -p /Users/chushoutv/Desktop/opencv-3.3.1/bulid/CMakeFiles/CMakeTmp/CMAKE_TRY_COMPILE.build/Debug/cmTC_3991f.build/Objects-normal/x86_64
write-file /Users/chushoutv/Desktop/opencv-3.3.1/bulid/CMakeFiles/CMakeTmp/CMAKE_TRY_COMPILE.build/Debug/cmTC_3991f.build/Objects-normal/x86_64/cmTC_3991f.LinkFileList

CompileC CMAKE_TRY_COMPILE.build/Debug/cmTC_3991f.build/Objects-normal/x86_64/src.o src.c normal x86_64 c com.apple.compilers.llvm.clang.1_0.compiler
    cd /Users/chushoutv/Desktop/opencv-3.3.1/bulid/CMakeFiles/CMakeTmp
    export LANG=en_US.US-ASCII
    /Applications/Xcode.app/Contents/Developer/Toolchains/XcodeDefault.xctoolchain/usr/bin/clang -x c -arch x86_64 -fmessage-length=0 -fdiagnostics-show-note-include-stack -fmacro-backtrace-limit=0 -Wno-trigraphs -fpascal-strings -O0 -Wno-missing-field-initializers -Wno-missing-prototypes -Wno-return-type -Wno-missing-braces -Wparentheses -Wswitch -Wno-unused-function -Wno-unused-label -Wno-unused-parameter -Wno-unused-variable -Wunused-value -Wno-empty-body -Wno-uninitialized -Wno-unknown-pragmas -Wno-shadow -Wno-four-char-constants -Wno-conversion -Wno-constant-conversion -Wno-int-conversion -Wno-bool-conversion -Wno-enum-conversion -Wno-float-conversion -Wno-non-literal-null-conversion -Wno-objc-literal-conversion -Wno-shorten-64-to-32 -Wpointer-sign -Wno-newline-eof -DCMAKE_INTDIR=\"Debug\" -isysroot /Applications/Xcode.app/Contents/Developer/Platforms/MacOSX.platform/Developer/SDKs/MacOSX10.13.sdk -fasm-blocks -fstrict-aliasing -Wdeprecated-declarations -mmacosx-version-min=10.12 -g -Wno-sign-conversion -Wno-infinite-recursion -Wno-comma -Wno-block-capture-autoreleasing -Wno-strict-prototypes -I/Users/chushoutv/Desktop/opencv-3.3.1/bulid/CMakeFiles/CMakeTmp/Debug/include -I/Users/chushoutv/Desktop/opencv-3.3.1/bulid/CMakeFiles/CMakeTmp/CMAKE_TRY_COMPILE.build/Debug/cmTC_3991f.build/DerivedSources/x86_64 -I/Users/chushoutv/Desktop/opencv-3.3.1/bulid/CMakeFiles/CMakeTmp/CMAKE_TRY_COMPILE.build/Debug/cmTC_3991f.build/DerivedSources -Wmost -Wno-four-char-constants -Wno-unknown-pragmas -F/Users/chushoutv/Desktop/opencv-3.3.1/bulid/CMakeFiles/CMakeTmp/Debug -fsigned-char -W -Wall -Werror=return-type -Werror=non-virtual-dtor -Werror=address -Werror=sequence-point -Wformat -Werror=format-security -Wmissing-declarations -Wstrict-prototypes -Wundef -Winit-self -Wpointer-arith -Wshadow -Wsign-promo -Wuninitialized -Winit-self -Wno-narrowing -Wno-delete-non-virtual-dtor -Wno-unnamed-type-template-args -Wno-comment -Wno-implicit-fallthrough -fdiagnostics-show-option -Wno-long-long -Qunused-arguments -Wno-semicolon-before-method-body -fno-omit-frame-pointer -ffunction-sections -msse -msse2 -msse3 -fvisibility=hidden -fvisibility-inlines-hidden -Wno-implicit-function-declaration -Wno-uninitialized -Wno-missing-prototypes -Wno-unused-but-set-parameter -MMD -MT dependencies -MF /Users/chushoutv/Desktop/opencv-3.3.1/bulid/CMakeFiles/CMakeTmp/CMAKE_TRY_COMPILE.build/Debug/cmTC_3991f.build/Objects-normal/x86_64/src.d --serialize-diagnostics /Users/chushoutv/Desktop/opencv-3.3.1/bulid/CMakeFiles/CMakeTmp/CMAKE_TRY_COMPILE.build/Debug/cmTC_3991f.build/Objects-normal/x86_64/src.dia -c /Users/chushoutv/Desktop/opencv-3.3.1/bulid/CMakeFiles/CMakeTmp/src.c -o /Users/chushoutv/Desktop/opencv-3.3.1/bulid/CMakeFiles/CMakeTmp/CMAKE_TRY_COMPILE.build/Debug/cmTC_3991f.build/Objects-normal/x86_64/src.o
warning: unknown warning option '-Wno-unused-but-set-parameter'; did you mean '-Wno-unused-parameter'? [-Wunknown-warning-option]
/Users/chushoutv/Desktop/opencv-3.3.1/bulid/CMakeFiles/CMakeTmp/src.c:1:8: warning: unknown pragma ignored [-Wunknown-pragmas]
#pragma
       ^
2 warnings generated.

Ld Debug/cmTC_3991f normal x86_64
    cd /Users/chushoutv/Desktop/opencv-3.3.1/bulid/CMakeFiles/CMakeTmp
    export MACOSX_DEPLOYMENT_TARGET=10.12
    /Applications/Xcode.app/Contents/Developer/Toolchains/XcodeDefault.xctoolchain/usr/bin/clang -arch x86_64 -isysroot /Applications/Xcode.app/Contents/Developer/Platforms/MacOSX.platform/Developer/SDKs/MacOSX10.13.sdk -L/Users/chushoutv/Desktop/opencv-3.3.1/bulid/CMakeFiles/CMakeTmp/Debug -F/Users/chushoutv/Desktop/opencv-3.3.1/bulid/CMakeFiles/CMakeTmp/Debug -filelist /Users/chushoutv/Desktop/opencv-3.3.1/bulid/CMakeFiles/CMakeTmp/CMAKE_TRY_COMPILE.build/Debug/cmTC_3991f.build/Objects-normal/x86_64/cmTC_3991f.LinkFileList -mmacosx-version-min=10.12 -Xlinker -object_path_lto -Xlinker /Users/chushoutv/Desktop/opencv-3.3.1/bulid/CMakeFiles/CMakeTmp/CMAKE_TRY_COMPILE.build/Debug/cmTC_3991f.build/Objects-normal/x86_64/cmTC_3991f_lto.o -Xlinker -no_deduplicate -Wl,-search_paths_first -Wl,-headerpad_max_install_names -Xlinker -dependency_info -Xlinker /Users/chushoutv/Desktop/opencv-3.3.1/bulid/CMakeFiles/CMakeTmp/CMAKE_TRY_COMPILE.build/Debug/cmTC_3991f.build/Objects-normal/x86_64/cmTC_3991f_dependency_info.dat -o /Users/chushoutv/Desktop/opencv-3.3.1/bulid/CMakeFiles/CMakeTmp/Debug/cmTC_3991f

** BUILD SUCCEEDED **


===== END =====

Build output check failed:
    Regex: 'unknown .*option'
    Output line: 'warning: unknown warning option '-Wno-misleading-indentation', did you mean '-Wno-missing-declarations'? [-Wunknown-warning-option]'
Compilation failed:
    source file: '/Users/chushoutv/Desktop/opencv-3.3.1/bulid/CMakeFiles/CMakeTmp/src.cxx'
    check option: ' -Wno-misleading-indentation'
===== BUILD LOG =====
Change Dir: /Users/chushoutv/Desktop/opencv-3.3.1/bulid/CMakeFiles/CMakeTmp

Run Build Command:"/usr/bin/xcodebuild" "-project" "CMAKE_TRY_COMPILE.xcodeproj" "build" "-target" "cmTC_39786" "-configuration" "Debug"
2017-11-01 13:51:38.031 xcodebuild[3982:197878] [MT] PluginLoading: Required plug-in compatibility UUID DF11C142-1584-4A99-87AC-1925D5F5652A for plug-in at path '~/Library/Application Support/Developer/Shared/Xcode/Plug-ins/VVDocumenter-Xcode.xcplugin' not present in DVTPlugInCompatibilityUUIDs
2017-11-01 13:51:38.031 xcodebuild[3982:197878] [MT] PluginLoading: Required plug-in compatibility UUID DF11C142-1584-4A99-87AC-1925D5F5652A for plug-in at path '~/Library/Application Support/Developer/Shared/Xcode/Plug-ins/Unity4XC.xcplugin' not present in DVTPlugInCompatibilityUUIDs
2017-11-01 13:51:38.031 xcodebuild[3982:197878] Failed to load plugin at: /Users/chushoutv/Library/Application Support/Developer/Shared/Xcode/Plug-ins/Unity4XC.xcplugin, skipping.  Reason for failure: *** -[__NSPlaceholderDictionary initWithObjects:forKeys:count:]: attempt to insert nil object from objects[0]
2017-11-01 13:51:38.032 xcodebuild[3982:197878] [MT] PluginLoading: Required plug-in compatibility UUID DF11C142-1584-4A99-87AC-1925D5F5652A for plug-in at path '~/Library/Application Support/Developer/Shared/Xcode/Plug-ins/FuzzyAutocomplete.xcplugin' not present in DVTPlugInCompatibilityUUIDs
2017-11-01 13:51:38.032 xcodebuild[3982:197878] [MT] PluginLoading: Required plug-in compatibility UUID DF11C142-1584-4A99-87AC-1925D5F5652A for plug-in at path '~/Library/Application Support/Developer/Shared/Xcode/Plug-ins/CocoaPods.xcplugin' not present in DVTPlugInCompatibilityUUIDs
=== BUILD TARGET cmTC_39786 OF PROJECT CMAKE_TRY_COMPILE WITH CONFIGURATION Debug ===

Check dependencies

Write auxiliary files
/bin/mkdir -p /Users/chushoutv/Desktop/opencv-3.3.1/bulid/CMakeFiles/CMakeTmp/CMAKE_TRY_COMPILE.build/Debug/cmTC_39786.build/Objects-normal/x86_64
write-file /Users/chushoutv/Desktop/opencv-3.3.1/bulid/CMakeFiles/CMakeTmp/CMAKE_TRY_COMPILE.build/Debug/cmTC_39786.build/Objects-normal/x86_64/cmTC_39786.LinkFileList

CompileC CMAKE_TRY_COMPILE.build/Debug/cmTC_39786.build/Objects-normal/x86_64/src.o src.cxx normal x86_64 c++ com.apple.compilers.llvm.clang.1_0.compiler
    cd /Users/chushoutv/Desktop/opencv-3.3.1/bulid/CMakeFiles/CMakeTmp
    export LANG=en_US.US-ASCII
    /Applications/Xcode.app/Contents/Developer/Toolchains/XcodeDefault.xctoolchain/usr/bin/clang -x c++ -arch x86_64 -fmessage-length=0 -fdiagnostics-show-note-include-stack -fmacro-backtrace-limit=0 -Wno-trigraphs -fpascal-strings -O0 -Wno-missing-field-initializers -Wno-missing-prototypes -Wno-return-type -Wno-non-virtual-dtor -Wno-overloaded-virtual -Wno-exit-time-destructors -Wno-missing-braces -Wparentheses -Wswitch -Wno-unused-function -Wno-unused-label -Wno-unused-parameter -Wno-unused-variable -Wunused-value -Wno-empty-body -Wno-uninitialized -Wno-unknown-pragmas -Wno-shadow -Wno-four-char-constants -Wno-conversion -Wno-constant-conversion -Wno-int-conversion -Wno-bool-conversion -Wno-enum-conversion -Wno-float-conversion -Wno-non-literal-null-conversion -Wno-objc-literal-conversion -Wno-shorten-64-to-32 -Wno-newline-eof -Wno-c++11-extensions -DCMAKE_INTDIR=\"Debug\" -isysroot /Applications/Xcode.app/Contents/Developer/Platforms/MacOSX.platform/Developer/SDKs/MacOSX10.13.sdk -fasm-blocks -fstrict-aliasing -Wdeprecated-declarations -Winvalid-offsetof -mmacosx-version-min=10.12 -g -Wno-sign-conversion -Wno-infinite-recursion -Wno-move -Wno-comma -Wno-block-capture-autoreleasing -Wno-strict-prototypes -Wno-range-loop-analysis -I/Users/chushoutv/Desktop/opencv-3.3.1/bulid/CMakeFiles/CMakeTmp/Debug/include -I/Users/chushoutv/Desktop/opencv-3.3.1/bulid/CMakeFiles/CMakeTmp/CMAKE_TRY_COMPILE.build/Debug/cmTC_39786.build/DerivedSources/x86_64 -I/Users/chushoutv/Desktop/opencv-3.3.1/bulid/CMakeFiles/CMakeTmp/CMAKE_TRY_COMPILE.build/Debug/cmTC_39786.build/DerivedSources -Wmost -Wno-four-char-constants -Wno-unknown-pragmas -F/Users/chushoutv/Desktop/opencv-3.3.1/bulid/CMakeFiles/CMakeTmp/Debug -fsigned-char -W -Wall -Werror=return-type -Werror=non-virtual-dtor -Werror=address -Werror=sequence-point -Wformat -Werror=format-security -Wmissing-prototypes -Wstrict-prototypes -Winit-self -Wpointer-arith -Wsign-promo -Winit-self -Wno-narrowing -Wno-delete-non-virtual-dtor -Wno-unnamed-type-template-args -Wno-comment -Wno-implicit-fallthrough -fdiagnostics-show-option -Wno-long-long -Qunused-arguments -Wno-semicolon-before-method-body -fno-omit-frame-pointer -ffunction-sections -msse -msse2 -msse3 -fvisibility=hidden -fvisibility-inlines-hidden -Wno-shadow -Wno-unused -Wno-sign-compare -Wno-undef -Wno-missing-declarations -Wno-uninitialized -Wno-switch -Wno-parentheses -Wno-array-bounds -Wno-extra -Wno-deprecated-declarations -Wno-misleading-indentation -MMD -MT dependencies -MF /Users/chushoutv/Desktop/opencv-3.3.1/bulid/CMakeFiles/CMakeTmp/CMAKE_TRY_COMPILE.build/Debug/cmTC_39786.build/Objects-normal/x86_64/src.d --serialize-diagnostics /Users/chushoutv/Desktop/opencv-3.3.1/bulid/CMakeFiles/CMakeTmp/CMAKE_TRY_COMPILE.build/Debug/cmTC_39786.build/Objects-normal/x86_64/src.dia -c /Users/chushoutv/Desktop/opencv-3.3.1/bulid/CMakeFiles/CMakeTmp/src.cxx -o /Users/chushoutv/Desktop/opencv-3.3.1/bulid/CMakeFiles/CMakeTmp/CMAKE_TRY_COMPILE.build/Debug/cmTC_39786.build/Objects-normal/x86_64/src.o
warning: unknown warning option '-Wno-misleading-indentation'; did you mean '-Wno-missing-declarations'? [-Wunknown-warning-option]
/Users/chushoutv/Desktop/opencv-3.3.1/bulid/CMakeFiles/CMakeTmp/src.cxx:1:8: warning: unknown pragma ignored [-Wunknown-pragmas]
#pragma
       ^
2 warnings generated.

Ld Debug/cmTC_39786 normal x86_64
    cd /Users/chushoutv/Desktop/opencv-3.3.1/bulid/CMakeFiles/CMakeTmp
    export MACOSX_DEPLOYMENT_TARGET=10.12
    /Applications/Xcode.app/Contents/Developer/Toolchains/XcodeDefault.xctoolchain/usr/bin/clang++ -arch x86_64 -isysroot /Applications/Xcode.app/Contents/Developer/Platforms/MacOSX.platform/Developer/SDKs/MacOSX10.13.sdk -L/Users/chushoutv/Desktop/opencv-3.3.1/bulid/CMakeFiles/CMakeTmp/Debug -F/Users/chushoutv/Desktop/opencv-3.3.1/bulid/CMakeFiles/CMakeTmp/Debug -filelist /Users/chushoutv/Desktop/opencv-3.3.1/bulid/CMakeFiles/CMakeTmp/CMAKE_TRY_COMPILE.build/Debug/cmTC_39786.build/Objects-normal/x86_64/cmTC_39786.LinkFileList -mmacosx-version-min=10.12 -Xlinker -object_path_lto -Xlinker /Users/chushoutv/Desktop/opencv-3.3.1/bulid/CMakeFiles/CMakeTmp/CMAKE_TRY_COMPILE.build/Debug/cmTC_39786.build/Objects-normal/x86_64/cmTC_39786_lto.o -Xlinker -no_deduplicate -Wl,-search_paths_first -Wl,-headerpad_max_install_names -Xlinker -dependency_info -Xlinker /Users/chushoutv/Desktop/opencv-3.3.1/bulid/CMakeFiles/CMakeTmp/CMAKE_TRY_COMPILE.build/Debug/cmTC_39786.build/Objects-normal/x86_64/cmTC_39786_dependency_info.dat -o /Users/chushoutv/Desktop/opencv-3.3.1/bulid/CMakeFiles/CMakeTmp/Debug/cmTC_39786

** BUILD SUCCEEDED **


===== END =====

Determining if the include file linux/videodev.h exists failed with the following output:
Change Dir: /Users/chushoutv/Desktop/opencv-3.3.1/bulid/CMakeFiles/CMakeTmp

Run Build Command:"/usr/bin/xcodebuild" "-project" "CMAKE_TRY_COMPILE.xcodeproj" "build" "-target" "cmTC_6708d" "-configuration" "Debug"
2017-11-01 13:51:40.556 xcodebuild[4026:198045] [MT] PluginLoading: Required plug-in compatibility UUID DF11C142-1584-4A99-87AC-1925D5F5652A for plug-in at path '~/Library/Application Support/Developer/Shared/Xcode/Plug-ins/VVDocumenter-Xcode.xcplugin' not present in DVTPlugInCompatibilityUUIDs
2017-11-01 13:51:40.556 xcodebuild[4026:198045] [MT] PluginLoading: Required plug-in compatibility UUID DF11C142-1584-4A99-87AC-1925D5F5652A for plug-in at path '~/Library/Application Support/Developer/Shared/Xcode/Plug-ins/Unity4XC.xcplugin' not present in DVTPlugInCompatibilityUUIDs
2017-11-01 13:51:40.556 xcodebuild[4026:198045] Failed to load plugin at: /Users/chushoutv/Library/Application Support/Developer/Shared/Xcode/Plug-ins/Unity4XC.xcplugin, skipping.  Reason for failure: *** -[__NSPlaceholderDictionary initWithObjects:forKeys:count:]: attempt to insert nil object from objects[0]
2017-11-01 13:51:40.557 xcodebuild[4026:198045] [MT] PluginLoading: Required plug-in compatibility UUID DF11C142-1584-4A99-87AC-1925D5F5652A for plug-in at path '~/Library/Application Support/Developer/Shared/Xcode/Plug-ins/FuzzyAutocomplete.xcplugin' not present in DVTPlugInCompatibilityUUIDs
2017-11-01 13:51:40.557 xcodebuild[4026:198045] [MT] PluginLoading: Required plug-in compatibility UUID DF11C142-1584-4A99-87AC-1925D5F5652A for plug-in at path '~/Library/Application Support/Developer/Shared/Xcode/Plug-ins/CocoaPods.xcplugin' not present in DVTPlugInCompatibilityUUIDs
=== BUILD TARGET cmTC_6708d OF PROJECT CMAKE_TRY_COMPILE WITH CONFIGURATION Debug ===

Check dependencies

Write auxiliary files
/bin/mkdir -p /Users/chushoutv/Desktop/opencv-3.3.1/bulid/CMakeFiles/CMakeTmp/CMAKE_TRY_COMPILE.build/Debug/cmTC_6708d.build/Objects-normal/x86_64
write-file /Users/chushoutv/Desktop/opencv-3.3.1/bulid/CMakeFiles/CMakeTmp/CMAKE_TRY_COMPILE.build/Debug/cmTC_6708d.build/Objects-normal/x86_64/cmTC_6708d.LinkFileList

CompileC CMAKE_TRY_COMPILE.build/Debug/cmTC_6708d.build/Objects-normal/x86_64/CheckIncludeFile.o CheckIncludeFile.c normal x86_64 c com.apple.compilers.llvm.clang.1_0.compiler
    cd /Users/chushoutv/Desktop/opencv-3.3.1/bulid/CMakeFiles/CMakeTmp
    export LANG=en_US.US-ASCII
    /Applications/Xcode.app/Contents/Developer/Toolchains/XcodeDefault.xctoolchain/usr/bin/clang -x c -arch x86_64 -fmessage-length=0 -fdiagnostics-show-note-include-stack -fmacro-backtrace-limit=0 -Wno-trigraphs -fpascal-strings -O0 -Wno-missing-field-initializers -Wno-missing-prototypes -Wno-return-type -Wno-missing-braces -Wparentheses -Wswitch -Wno-unused-function -Wno-unused-label -Wno-unused-parameter -Wno-unused-variable -Wunused-value -Wno-empty-body -Wno-uninitialized -Wno-unknown-pragmas -Wno-shadow -Wno-four-char-constants -Wno-conversion -Wno-constant-conversion -Wno-int-conversion -Wno-bool-conversion -Wno-enum-conversion -Wno-float-conversion -Wno-non-literal-null-conversion -Wno-objc-literal-conversion -Wno-shorten-64-to-32 -Wpointer-sign -Wno-newline-eof -DCMAKE_INTDIR=\"Debug\" -isysroot /Applications/Xcode.app/Contents/Developer/Platforms/MacOSX.platform/Developer/SDKs/MacOSX10.13.sdk -fasm-blocks -fstrict-aliasing -Wdeprecated-declarations -mmacosx-version-min=10.12 -g -Wno-sign-conversion -Wno-infinite-recursion -Wno-comma -Wno-block-capture-autoreleasing -Wno-strict-prototypes -I/Users/chushoutv/Desktop/opencv-3.3.1/bulid/CMakeFiles/CMakeTmp/Debug/include -I/Users/chushoutv/Desktop/opencv-3.3.1/bulid/CMakeFiles/CMakeTmp/CMAKE_TRY_COMPILE.build/Debug/cmTC_6708d.build/DerivedSources/x86_64 -I/Users/chushoutv/Desktop/opencv-3.3.1/bulid/CMakeFiles/CMakeTmp/CMAKE_TRY_COMPILE.build/Debug/cmTC_6708d.build/DerivedSources -Wmost -Wno-four-char-constants -Wno-unknown-pragmas -F/Users/chushoutv/Desktop/opencv-3.3.1/bulid/CMakeFiles/CMakeTmp/Debug -fsigned-char -W -Wall -Werror=return-type -Werror=non-virtual-dtor -Werror=address -Werror=sequence-point -Wformat -Werror=format-security -Wmissing-declarations -Wmissing-prototypes -Wstrict-prototypes -Wundef -Winit-self -Wpointer-arith -Wshadow -Wsign-promo -Wuninitialized -Winit-self -Wno-narrowing -Wno-delete-non-virtual-dtor -Wno-unnamed-type-template-args -Wno-comment -Wno-implicit-fallthrough -fdiagnostics-show-option -Wno-long-long -Qunused-arguments -Wno-semicolon-before-method-body -fno-omit-frame-pointer -ffunction-sections -msse -msse2 -msse3 -fvisibility=hidden -fvisibility-inlines-hidden -MMD -MT dependencies -MF /Users/chushoutv/Desktop/opencv-3.3.1/bulid/CMakeFiles/CMakeTmp/CMAKE_TRY_COMPILE.build/Debug/cmTC_6708d.build/Objects-normal/x86_64/CheckIncludeFile.d --serialize-diagnostics /Users/chushoutv/Desktop/opencv-3.3.1/bulid/CMakeFiles/CMakeTmp/CMAKE_TRY_COMPILE.build/Debug/cmTC_6708d.build/Objects-normal/x86_64/CheckIncludeFile.dia -c /Users/chushoutv/Desktop/opencv-3.3.1/bulid/CMakeFiles/CMakeTmp/CheckIncludeFile.c -o /Users/chushoutv/Desktop/opencv-3.3.1/bulid/CMakeFiles/CMakeTmp/CMAKE_TRY_COMPILE.build/Debug/cmTC_6708d.build/Objects-normal/x86_64/CheckIncludeFile.o
/Users/chushoutv/Desktop/opencv-3.3.1/bulid/CMakeFiles/CMakeTmp/CheckIncludeFile.c:1:10: fatal error: 'linux/videodev.h' file not found
#include <linux/videodev.h>
         ^~~~~~~~~~~~~~~~~~
1 error generated.

** BUILD FAILED **


The following build commands failed:
	CompileC CMAKE_TRY_COMPILE.build/Debug/cmTC_6708d.build/Objects-normal/x86_64/CheckIncludeFile.o CheckIncludeFile.c normal x86_64 c com.apple.compilers.llvm.clang.1_0.compiler
(1 failure)


Determining if the include file linux/videodev2.h exists failed with the following output:
Change Dir: /Users/chushoutv/Desktop/opencv-3.3.1/bulid/CMakeFiles/CMakeTmp

Run Build Command:"/usr/bin/xcodebuild" "-project" "CMAKE_TRY_COMPILE.xcodeproj" "build" "-target" "cmTC_7e2a9" "-configuration" "Debug"
2017-11-01 13:51:41.545 xcodebuild[4040:198100] [MT] PluginLoading: Required plug-in compatibility UUID DF11C142-1584-4A99-87AC-1925D5F5652A for plug-in at path '~/Library/Application Support/Developer/Shared/Xcode/Plug-ins/VVDocumenter-Xcode.xcplugin' not present in DVTPlugInCompatibilityUUIDs
2017-11-01 13:51:41.545 xcodebuild[4040:198100] [MT] PluginLoading: Required plug-in compatibility UUID DF11C142-1584-4A99-87AC-1925D5F5652A for plug-in at path '~/Library/Application Support/Developer/Shared/Xcode/Plug-ins/Unity4XC.xcplugin' not present in DVTPlugInCompatibilityUUIDs
2017-11-01 13:51:41.545 xcodebuild[4040:198100] Failed to load plugin at: /Users/chushoutv/Library/Application Support/Developer/Shared/Xcode/Plug-ins/Unity4XC.xcplugin, skipping.  Reason for failure: *** -[__NSPlaceholderDictionary initWithObjects:forKeys:count:]: attempt to insert nil object from objects[0]
2017-11-01 13:51:41.545 xcodebuild[4040:198100] [MT] PluginLoading: Required plug-in compatibility UUID DF11C142-1584-4A99-87AC-1925D5F5652A for plug-in at path '~/Library/Application Support/Developer/Shared/Xcode/Plug-ins/FuzzyAutocomplete.xcplugin' not present in DVTPlugInCompatibilityUUIDs
2017-11-01 13:51:41.545 xcodebuild[4040:198100] [MT] PluginLoading: Required plug-in compatibility UUID DF11C142-1584-4A99-87AC-1925D5F5652A for plug-in at path '~/Library/Application Support/Developer/Shared/Xcode/Plug-ins/CocoaPods.xcplugin' not present in DVTPlugInCompatibilityUUIDs
=== BUILD TARGET cmTC_7e2a9 OF PROJECT CMAKE_TRY_COMPILE WITH CONFIGURATION Debug ===

Check dependencies

Write auxiliary files
/bin/mkdir -p /Users/chushoutv/Desktop/opencv-3.3.1/bulid/CMakeFiles/CMakeTmp/CMAKE_TRY_COMPILE.build/Debug/cmTC_7e2a9.build/Objects-normal/x86_64
write-file /Users/chushoutv/Desktop/opencv-3.3.1/bulid/CMakeFiles/CMakeTmp/CMAKE_TRY_COMPILE.build/Debug/cmTC_7e2a9.build/Objects-normal/x86_64/cmTC_7e2a9.LinkFileList

CompileC CMAKE_TRY_COMPILE.build/Debug/cmTC_7e2a9.build/Objects-normal/x86_64/CheckIncludeFile.o CheckIncludeFile.c normal x86_64 c com.apple.compilers.llvm.clang.1_0.compiler
    cd /Users/chushoutv/Desktop/opencv-3.3.1/bulid/CMakeFiles/CMakeTmp
    export LANG=en_US.US-ASCII
    /Applications/Xcode.app/Contents/Developer/Toolchains/XcodeDefault.xctoolchain/usr/bin/clang -x c -arch x86_64 -fmessage-length=0 -fdiagnostics-show-note-include-stack -fmacro-backtrace-limit=0 -Wno-trigraphs -fpascal-strings -O0 -Wno-missing-field-initializers -Wno-missing-prototypes -Wno-return-type -Wno-missing-braces -Wparentheses -Wswitch -Wno-unused-function -Wno-unused-label -Wno-unused-parameter -Wno-unused-variable -Wunused-value -Wno-empty-body -Wno-uninitialized -Wno-unknown-pragmas -Wno-shadow -Wno-four-char-constants -Wno-conversion -Wno-constant-conversion -Wno-int-conversion -Wno-bool-conversion -Wno-enum-conversion -Wno-float-conversion -Wno-non-literal-null-conversion -Wno-objc-literal-conversion -Wno-shorten-64-to-32 -Wpointer-sign -Wno-newline-eof -DCMAKE_INTDIR=\"Debug\" -isysroot /Applications/Xcode.app/Contents/Developer/Platforms/MacOSX.platform/Developer/SDKs/MacOSX10.13.sdk -fasm-blocks -fstrict-aliasing -Wdeprecated-declarations -mmacosx-version-min=10.12 -g -Wno-sign-conversion -Wno-infinite-recursion -Wno-comma -Wno-block-capture-autoreleasing -Wno-strict-prototypes -I/Users/chushoutv/Desktop/opencv-3.3.1/bulid/CMakeFiles/CMakeTmp/Debug/include -I/Users/chushoutv/Desktop/opencv-3.3.1/bulid/CMakeFiles/CMakeTmp/CMAKE_TRY_COMPILE.build/Debug/cmTC_7e2a9.build/DerivedSources/x86_64 -I/Users/chushoutv/Desktop/opencv-3.3.1/bulid/CMakeFiles/CMakeTmp/CMAKE_TRY_COMPILE.build/Debug/cmTC_7e2a9.build/DerivedSources -Wmost -Wno-four-char-constants -Wno-unknown-pragmas -F/Users/chushoutv/Desktop/opencv-3.3.1/bulid/CMakeFiles/CMakeTmp/Debug -fsigned-char -W -Wall -Werror=return-type -Werror=non-virtual-dtor -Werror=address -Werror=sequence-point -Wformat -Werror=format-security -Wmissing-declarations -Wmissing-prototypes -Wstrict-prototypes -Wundef -Winit-self -Wpointer-arith -Wshadow -Wsign-promo -Wuninitialized -Winit-self -Wno-narrowing -Wno-delete-non-virtual-dtor -Wno-unnamed-type-template-args -Wno-comment -Wno-implicit-fallthrough -fdiagnostics-show-option -Wno-long-long -Qunused-arguments -Wno-semicolon-before-method-body -fno-omit-frame-pointer -ffunction-sections -msse -msse2 -msse3 -fvisibility=hidden -fvisibility-inlines-hidden -MMD -MT dependencies -MF /Users/chushoutv/Desktop/opencv-3.3.1/bulid/CMakeFiles/CMakeTmp/CMAKE_TRY_COMPILE.build/Debug/cmTC_7e2a9.build/Objects-normal/x86_64/CheckIncludeFile.d --serialize-diagnostics /Users/chushoutv/Desktop/opencv-3.3.1/bulid/CMakeFiles/CMakeTmp/CMAKE_TRY_COMPILE.build/Debug/cmTC_7e2a9.build/Objects-normal/x86_64/CheckIncludeFile.dia -c /Users/chushoutv/Desktop/opencv-3.3.1/bulid/CMakeFiles/CMakeTmp/CheckIncludeFile.c -o /Users/chushoutv/Desktop/opencv-3.3.1/bulid/CMakeFiles/CMakeTmp/CMAKE_TRY_COMPILE.build/Debug/cmTC_7e2a9.build/Objects-normal/x86_64/CheckIncludeFile.o
/Users/chushoutv/Desktop/opencv-3.3.1/bulid/CMakeFiles/CMakeTmp/CheckIncludeFile.c:1:10: fatal error: 'linux/videodev2.h' file not found
#include <linux/videodev2.h>
         ^~~~~~~~~~~~~~~~~~~
1 error generated.

** BUILD FAILED **


The following build commands failed:
	CompileC CMAKE_TRY_COMPILE.build/Debug/cmTC_7e2a9.build/Objects-normal/x86_64/CheckIncludeFile.o CheckIncludeFile.c normal x86_64 c com.apple.compilers.llvm.clang.1_0.compiler
(1 failure)


Determining if the include file sys/videoio.h exists failed with the following output:
Change Dir: /Users/chushoutv/Desktop/opencv-3.3.1/bulid/CMakeFiles/CMakeTmp

Run Build Command:"/usr/bin/xcodebuild" "-project" "CMAKE_TRY_COMPILE.xcodeproj" "build" "-target" "cmTC_1817f" "-configuration" "Debug"
2017-11-01 13:51:42.499 xcodebuild[4054:198151] [MT] PluginLoading: Required plug-in compatibility UUID DF11C142-1584-4A99-87AC-1925D5F5652A for plug-in at path '~/Library/Application Support/Developer/Shared/Xcode/Plug-ins/VVDocumenter-Xcode.xcplugin' not present in DVTPlugInCompatibilityUUIDs
2017-11-01 13:51:42.499 xcodebuild[4054:198151] [MT] PluginLoading: Required plug-in compatibility UUID DF11C142-1584-4A99-87AC-1925D5F5652A for plug-in at path '~/Library/Application Support/Developer/Shared/Xcode/Plug-ins/Unity4XC.xcplugin' not present in DVTPlugInCompatibilityUUIDs
2017-11-01 13:51:42.499 xcodebuild[4054:198151] Failed to load plugin at: /Users/chushoutv/Library/Application Support/Developer/Shared/Xcode/Plug-ins/Unity4XC.xcplugin, skipping.  Reason for failure: *** -[__NSPlaceholderDictionary initWithObjects:forKeys:count:]: attempt to insert nil object from objects[0]
2017-11-01 13:51:42.500 xcodebuild[4054:198151] [MT] PluginLoading: Required plug-in compatibility UUID DF11C142-1584-4A99-87AC-1925D5F5652A for plug-in at path '~/Library/Application Support/Developer/Shared/Xcode/Plug-ins/FuzzyAutocomplete.xcplugin' not present in DVTPlugInCompatibilityUUIDs
2017-11-01 13:51:42.500 xcodebuild[4054:198151] [MT] PluginLoading: Required plug-in compatibility UUID DF11C142-1584-4A99-87AC-1925D5F5652A for plug-in at path '~/Library/Application Support/Developer/Shared/Xcode/Plug-ins/CocoaPods.xcplugin' not present in DVTPlugInCompatibilityUUIDs
=== BUILD TARGET cmTC_1817f OF PROJECT CMAKE_TRY_COMPILE WITH CONFIGURATION Debug ===

Check dependencies

Write auxiliary files
/bin/mkdir -p /Users/chushoutv/Desktop/opencv-3.3.1/bulid/CMakeFiles/CMakeTmp/CMAKE_TRY_COMPILE.build/Debug/cmTC_1817f.build/Objects-normal/x86_64
write-file /Users/chushoutv/Desktop/opencv-3.3.1/bulid/CMakeFiles/CMakeTmp/CMAKE_TRY_COMPILE.build/Debug/cmTC_1817f.build/Objects-normal/x86_64/cmTC_1817f.LinkFileList

CompileC CMAKE_TRY_COMPILE.build/Debug/cmTC_1817f.build/Objects-normal/x86_64/CheckIncludeFile.o CheckIncludeFile.c normal x86_64 c com.apple.compilers.llvm.clang.1_0.compiler
    cd /Users/chushoutv/Desktop/opencv-3.3.1/bulid/CMakeFiles/CMakeTmp
    export LANG=en_US.US-ASCII
    /Applications/Xcode.app/Contents/Developer/Toolchains/XcodeDefault.xctoolchain/usr/bin/clang -x c -arch x86_64 -fmessage-length=0 -fdiagnostics-show-note-include-stack -fmacro-backtrace-limit=0 -Wno-trigraphs -fpascal-strings -O0 -Wno-missing-field-initializers -Wno-missing-prototypes -Wno-return-type -Wno-missing-braces -Wparentheses -Wswitch -Wno-unused-function -Wno-unused-label -Wno-unused-parameter -Wno-unused-variable -Wunused-value -Wno-empty-body -Wno-uninitialized -Wno-unknown-pragmas -Wno-shadow -Wno-four-char-constants -Wno-conversion -Wno-constant-conversion -Wno-int-conversion -Wno-bool-conversion -Wno-enum-conversion -Wno-float-conversion -Wno-non-literal-null-conversion -Wno-objc-literal-conversion -Wno-shorten-64-to-32 -Wpointer-sign -Wno-newline-eof -DCMAKE_INTDIR=\"Debug\" -isysroot /Applications/Xcode.app/Contents/Developer/Platforms/MacOSX.platform/Developer/SDKs/MacOSX10.13.sdk -fasm-blocks -fstrict-aliasing -Wdeprecated-declarations -mmacosx-version-min=10.12 -g -Wno-sign-conversion -Wno-infinite-recursion -Wno-comma -Wno-block-capture-autoreleasing -Wno-strict-prototypes -I/Users/chushoutv/Desktop/opencv-3.3.1/bulid/CMakeFiles/CMakeTmp/Debug/include -I/Users/chushoutv/Desktop/opencv-3.3.1/bulid/CMakeFiles/CMakeTmp/CMAKE_TRY_COMPILE.build/Debug/cmTC_1817f.build/DerivedSources/x86_64 -I/Users/chushoutv/Desktop/opencv-3.3.1/bulid/CMakeFiles/CMakeTmp/CMAKE_TRY_COMPILE.build/Debug/cmTC_1817f.build/DerivedSources -Wmost -Wno-four-char-constants -Wno-unknown-pragmas -F/Users/chushoutv/Desktop/opencv-3.3.1/bulid/CMakeFiles/CMakeTmp/Debug -fsigned-char -W -Wall -Werror=return-type -Werror=non-virtual-dtor -Werror=address -Werror=sequence-point -Wformat -Werror=format-security -Wmissing-declarations -Wmissing-prototypes -Wstrict-prototypes -Wundef -Winit-self -Wpointer-arith -Wshadow -Wsign-promo -Wuninitialized -Winit-self -Wno-narrowing -Wno-delete-non-virtual-dtor -Wno-unnamed-type-template-args -Wno-comment -Wno-implicit-fallthrough -fdiagnostics-show-option -Wno-long-long -Qunused-arguments -Wno-semicolon-before-method-body -fno-omit-frame-pointer -ffunction-sections -msse -msse2 -msse3 -fvisibility=hidden -fvisibility-inlines-hidden -MMD -MT dependencies -MF /Users/chushoutv/Desktop/opencv-3.3.1/bulid/CMakeFiles/CMakeTmp/CMAKE_TRY_COMPILE.build/Debug/cmTC_1817f.build/Objects-normal/x86_64/CheckIncludeFile.d --serialize-diagnostics /Users/chushoutv/Desktop/opencv-3.3.1/bulid/CMakeFiles/CMakeTmp/CMAKE_TRY_COMPILE.build/Debug/cmTC_1817f.build/Objects-normal/x86_64/CheckIncludeFile.dia -c /Users/chushoutv/Desktop/opencv-3.3.1/bulid/CMakeFiles/CMakeTmp/CheckIncludeFile.c -o /Users/chushoutv/Desktop/opencv-3.3.1/bulid/CMakeFiles/CMakeTmp/CMAKE_TRY_COMPILE.build/Debug/cmTC_1817f.build/Objects-normal/x86_64/CheckIncludeFile.o
/Users/chushoutv/Desktop/opencv-3.3.1/bulid/CMakeFiles/CMakeTmp/CheckIncludeFile.c:1:10: fatal error: 'sys/videoio.h' file not found
#include <sys/videoio.h>
         ^~~~~~~~~~~~~~~
1 error generated.

** BUILD FAILED **


The following build commands failed:
	CompileC CMAKE_TRY_COMPILE.build/Debug/cmTC_1817f.build/Objects-normal/x86_64/CheckIncludeFile.o CheckIncludeFile.c normal x86_64 c com.apple.compilers.llvm.clang.1_0.compiler
(1 failure)


Build output check failed:
    Regex: 'unknown .*option'
    Output line: 'warning: unknown warning option '-Wno-maybe-uninitialized', did you mean '-Wno-uninitialized'? [-Wunknown-warning-option]'
Compilation failed:
    source file: '/Users/chushoutv/Desktop/opencv-3.3.1/bulid/CMakeFiles/CMakeTmp/src.cxx'
    check option: ' -Wno-maybe-uninitialized'
===== BUILD LOG =====
Change Dir: /Users/chushoutv/Desktop/opencv-3.3.1/bulid/CMakeFiles/CMakeTmp

Run Build Command:"/usr/bin/xcodebuild" "-project" "CMAKE_TRY_COMPILE.xcodeproj" "build" "-target" "cmTC_b24c9" "-configuration" "Debug"
2017-11-01 13:52:58.529 xcodebuild[4389:199909] [MT] PluginLoading: Required plug-in compatibility UUID DF11C142-1584-4A99-87AC-1925D5F5652A for plug-in at path '~/Library/Application Support/Developer/Shared/Xcode/Plug-ins/VVDocumenter-Xcode.xcplugin' not present in DVTPlugInCompatibilityUUIDs
2017-11-01 13:52:58.529 xcodebuild[4389:199909] [MT] PluginLoading: Required plug-in compatibility UUID DF11C142-1584-4A99-87AC-1925D5F5652A for plug-in at path '~/Library/Application Support/Developer/Shared/Xcode/Plug-ins/Unity4XC.xcplugin' not present in DVTPlugInCompatibilityUUIDs
2017-11-01 13:52:58.529 xcodebuild[4389:199909] Failed to load plugin at: /Users/chushoutv/Library/Application Support/Developer/Shared/Xcode/Plug-ins/Unity4XC.xcplugin, skipping.  Reason for failure: *** -[__NSPlaceholderDictionary initWithObjects:forKeys:count:]: attempt to insert nil object from objects[0]
2017-11-01 13:52:58.529 xcodebuild[4389:199909] [MT] PluginLoading: Required plug-in compatibility UUID DF11C142-1584-4A99-87AC-1925D5F5652A for plug-in at path '~/Library/Application Support/Developer/Shared/Xcode/Plug-ins/FuzzyAutocomplete.xcplugin' not present in DVTPlugInCompatibilityUUIDs
2017-11-01 13:52:58.530 xcodebuild[4389:199909] [MT] PluginLoading: Required plug-in compatibility UUID DF11C142-1584-4A99-87AC-1925D5F5652A for plug-in at path '~/Library/Application Support/Developer/Shared/Xcode/Plug-ins/CocoaPods.xcplugin' not present in DVTPlugInCompatibilityUUIDs
=== BUILD TARGET cmTC_b24c9 OF PROJECT CMAKE_TRY_COMPILE WITH CONFIGURATION Debug ===

Check dependencies

Write auxiliary files
/bin/mkdir -p /Users/chushoutv/Desktop/opencv-3.3.1/bulid/CMakeFiles/CMakeTmp/CMAKE_TRY_COMPILE.build/Debug/cmTC_b24c9.build/Objects-normal/x86_64
write-file /Users/chushoutv/Desktop/opencv-3.3.1/bulid/CMakeFiles/CMakeTmp/CMAKE_TRY_COMPILE.build/Debug/cmTC_b24c9.build/Objects-normal/x86_64/cmTC_b24c9.LinkFileList

CompileC CMAKE_TRY_COMPILE.build/Debug/cmTC_b24c9.build/Objects-normal/x86_64/src.o src.cxx normal x86_64 c++ com.apple.compilers.llvm.clang.1_0.compiler
    cd /Users/chushoutv/Desktop/opencv-3.3.1/bulid/CMakeFiles/CMakeTmp
    export LANG=en_US.US-ASCII
    /Applications/Xcode.app/Contents/Developer/Toolchains/XcodeDefault.xctoolchain/usr/bin/clang -x c++ -arch x86_64 -fmessage-length=0 -fdiagnostics-show-note-include-stack -fmacro-backtrace-limit=0 -Wno-trigraphs -fpascal-strings -O0 -Wno-missing-field-initializers -Wno-missing-prototypes -Wno-return-type -Wno-non-virtual-dtor -Wno-overloaded-virtual -Wno-exit-time-destructors -Wno-missing-braces -Wparentheses -Wswitch -Wno-unused-function -Wno-unused-label -Wno-unused-parameter -Wno-unused-variable -Wunused-value -Wno-empty-body -Wno-uninitialized -Wno-unknown-pragmas -Wno-shadow -Wno-four-char-constants -Wno-conversion -Wno-constant-conversion -Wno-int-conversion -Wno-bool-conversion -Wno-enum-conversion -Wno-float-conversion -Wno-non-literal-null-conversion -Wno-objc-literal-conversion -Wno-shorten-64-to-32 -Wno-newline-eof -Wno-c++11-extensions -DCMAKE_INTDIR=\"Debug\" -isysroot /Applications/Xcode.app/Contents/Developer/Platforms/MacOSX.platform/Developer/SDKs/MacOSX10.13.sdk -fasm-blocks -fstrict-aliasing -Wdeprecated-declarations -Winvalid-offsetof -mmacosx-version-min=10.12 -g -Wno-sign-conversion -Wno-infinite-recursion -Wno-move -Wno-comma -Wno-block-capture-autoreleasing -Wno-strict-prototypes -Wno-range-loop-analysis -I/Users/chushoutv/Desktop/opencv-3.3.1/bulid/CMakeFiles/CMakeTmp/Debug/include -I/Users/chushoutv/Desktop/opencv-3.3.1/bulid/CMakeFiles/CMakeTmp/CMAKE_TRY_COMPILE.build/Debug/cmTC_b24c9.build/DerivedSources/x86_64 -I/Users/chushoutv/Desktop/opencv-3.3.1/bulid/CMakeFiles/CMakeTmp/CMAKE_TRY_COMPILE.build/Debug/cmTC_b24c9.build/DerivedSources -Wmost -Wno-four-char-constants -Wno-unknown-pragmas -F/Users/chushoutv/Desktop/opencv-3.3.1/bulid/CMakeFiles/CMakeTmp/Debug -fsigned-char -W -Wall -Werror=return-type -Werror=non-virtual-dtor -Werror=address -Werror=sequence-point -Wformat -Werror=format-security -Wmissing-declarations -Wmissing-prototypes -Wstrict-prototypes -Wundef -Winit-self -Wpointer-arith -Wshadow -Wsign-promo -Wuninitialized -Winit-self -Wno-narrowing -Wno-delete-non-virtual-dtor -Wno-unnamed-type-template-args -Wno-comment -Wno-implicit-fallthrough -fdiagnostics-show-option -Wno-long-long -Qunused-arguments -Wno-semicolon-before-method-body -fno-omit-frame-pointer -ffunction-sections -msse -msse2 -msse3 -fvisibility=hidden -fvisibility-inlines-hidden -Wno-shadow -Wno-parentheses -Wno-maybe-uninitialized -MMD -MT dependencies -MF /Users/chushoutv/Desktop/opencv-3.3.1/bulid/CMakeFiles/CMakeTmp/CMAKE_TRY_COMPILE.build/Debug/cmTC_b24c9.build/Objects-normal/x86_64/src.d --serialize-diagnostics /Users/chushoutv/Desktop/opencv-3.3.1/bulid/CMakeFiles/CMakeTmp/CMAKE_TRY_COMPILE.build/Debug/cmTC_b24c9.build/Objects-normal/x86_64/src.dia -c /Users/chushoutv/Desktop/opencv-3.3.1/bulid/CMakeFiles/CMakeTmp/src.cxx -o /Users/chushoutv/Desktop/opencv-3.3.1/bulid/CMakeFiles/CMakeTmp/CMAKE_TRY_COMPILE.build/Debug/cmTC_b24c9.build/Objects-normal/x86_64/src.o
warning: unknown warning option '-Wno-maybe-uninitialized'; did you mean '-Wno-uninitialized'? [-Wunknown-warning-option]
/Users/chushoutv/Desktop/opencv-3.3.1/bulid/CMakeFiles/CMakeTmp/src.cxx:1:8: warning: unknown pragma ignored [-Wunknown-pragmas]
#pragma
       ^
2 warnings generated.

Ld Debug/cmTC_b24c9 normal x86_64
    cd /Users/chushoutv/Desktop/opencv-3.3.1/bulid/CMakeFiles/CMakeTmp
    export MACOSX_DEPLOYMENT_TARGET=10.12
    /Applications/Xcode.app/Contents/Developer/Toolchains/XcodeDefault.xctoolchain/usr/bin/clang++ -arch x86_64 -isysroot /Applications/Xcode.app/Contents/Developer/Platforms/MacOSX.platform/Developer/SDKs/MacOSX10.13.sdk -L/Users/chushoutv/Desktop/opencv-3.3.1/bulid/CMakeFiles/CMakeTmp/Debug -F/Users/chushoutv/Desktop/opencv-3.3.1/bulid/CMakeFiles/CMakeTmp/Debug -filelist /Users/chushoutv/Desktop/opencv-3.3.1/bulid/CMakeFiles/CMakeTmp/CMAKE_TRY_COMPILE.build/Debug/cmTC_b24c9.build/Objects-normal/x86_64/cmTC_b24c9.LinkFileList -mmacosx-version-min=10.12 -Xlinker -object_path_lto -Xlinker /Users/chushoutv/Desktop/opencv-3.3.1/bulid/CMakeFiles/CMakeTmp/CMAKE_TRY_COMPILE.build/Debug/cmTC_b24c9.build/Objects-normal/x86_64/cmTC_b24c9_lto.o -Xlinker -no_deduplicate -Wl,-search_paths_first -Wl,-headerpad_max_install_names -Xlinker -dependency_info -Xlinker /Users/chushoutv/Desktop/opencv-3.3.1/bulid/CMakeFiles/CMakeTmp/CMAKE_TRY_COMPILE.build/Debug/cmTC_b24c9.build/Objects-normal/x86_64/cmTC_b24c9_dependency_info.dat -o /Users/chushoutv/Desktop/opencv-3.3.1/bulid/CMakeFiles/CMakeTmp/Debug/cmTC_b24c9

** BUILD SUCCEEDED **


===== END =====

